---------------------------------------------------------------
[ 2020-09-06T17:03:08+08:00 ] 127.0.0.1 GET fastadmin.com/index.php/admin/index/login?url=%2Findex.php%2Fadmin%2Fdashboard%3Fref%3Daddtabs
[运行时间：0.887708s] [吞吐率：1.13req/s] [内存消耗：2,463.34kb] [文件加载：70]
[ info ] [ BEHAVIOR ] Run Closure @app_init [ RunTime:0.000742s ]
[ info ] [ CACHE ] INIT File
[ info ] [ BEHAVIOR ] Run Closure @app_init [ RunTime:0.048761s ]
[ info ] [ LANG ] D:\phpStudy\PHPTutorial\WWW\adsence-cms\thinkphp\lang\zh-cn.php
[ info ] [ ROUTE ] array (
  'type' => 'module',
  'module' => 
  array (
    0 => 'admin',
    1 => 'index',
    2 => 'login',
  ),
)
[ info ] [ HEADER ] array (
  'accept-language' => 'zh-CN,zh-TW;q=0.9,zh;q=0.8,en-US;q=0.7,en;q=0.6',
  'accept-encoding' => 'gzip, deflate',
  'accept' => 'text/html,application/xhtml+xml,application/xml;q=0.9,image/webp,image/apng,*/*;q=0.8,application/signed-exchange;v=b3;q=0.9',
  'user-agent' => 'Mozilla/5.0 (Windows NT 10.0; Win64; x64) AppleWebKit/537.36 (KHTML, like Gecko) Chrome/84.0.4147.135 Safari/537.36',
  'upgrade-insecure-requests' => '1',
  'cache-control' => 'no-cache',
  'pragma' => 'no-cache',
  'connection' => 'keep-alive',
  'host' => 'fastadmin.com',
  'content-length' => '',
  'content-type' => '',
)
[ info ] [ PARAM ] array (
  'url' => '/index.php/admin/dashboard?ref=addtabs',
)
[ info ] [ LANG ] D:\phpStudy\PHPTutorial\WWW\adsence-cms\public/../application/admin\lang\zh-cn.php
[ info ] [ BEHAVIOR ] Run app\common\behavior\Common @module_init [ RunTime:0.025978s ]
[ info ] [ SESSION ] INIT array (
  'id' => '',
  'var_session_id' => '',
  'prefix' => 'think',
  'type' => '',
  'auto_start' => true,
)
[ info ] [ LANG ] D:\phpStudy\PHPTutorial\WWW\adsence-cms\public/../application/admin/lang/zh-cn/index.php
[ info ] [ RUN ] app\admin\controller\Index->login[ D:\phpStudy\PHPTutorial\WWW\adsence-cms\application\admin\controller\Index.php ]
[ info ] [ VIEW ] D:\phpStudy\PHPTutorial\WWW\adsence-cms\public/../application/admin\view\index\login.html [ array (
  0 => 'breadcrumb',
  1 => 'site',
  2 => 'config',
  3 => 'auth',
  4 => 'admin',
  5 => 'background',
  6 => 'title',
) ]
[ info ] [ BEHAVIOR ] Run app\admin\behavior\AdminLog @app_end [ RunTime:0.008022s ]
[ info ] [ LOG ] INIT File
---------------------------------------------------------------
[ 2020-09-06T17:03:08+08:00 ] 127.0.0.1 GET fastadmin.com/index.php/admin/ajax/lang?callback=define&controllername=index&v=1599382987
[运行时间：0.063834s] [吞吐率：15.67req/s] [内存消耗：2,467.81kb] [文件加载：70]
[ info ] [ BEHAVIOR ] Run Closure @app_init [ RunTime:0.000014s ]
[ info ] [ CACHE ] INIT File
[ info ] [ BEHAVIOR ] Run Closure @app_init [ RunTime:0.002579s ]
[ info ] [ LANG ] D:\phpStudy\PHPTutorial\WWW\adsence-cms\thinkphp\lang\zh-cn.php
[ info ] [ ROUTE ] array (
  'type' => 'module',
  'module' => 
  array (
    0 => 'admin',
    1 => 'ajax',
    2 => 'lang',
  ),
)
[ info ] [ HEADER ] array (
  'cookie' => 'PHPSESSID=9qq12lqjec7ccrqr8p81v5iiba',
  'accept-language' => 'zh-CN,zh-TW;q=0.9,zh;q=0.8,en-US;q=0.7,en;q=0.6',
  'accept-encoding' => 'gzip, deflate',
  'referer' => 'http://fastadmin.com/index.php/admin/index/login?url=%2Findex.php%2Fadmin%2Fdashboard%3Fref%3Daddtabs',
  'accept' => '*/*',
  'user-agent' => 'Mozilla/5.0 (Windows NT 10.0; Win64; x64) AppleWebKit/537.36 (KHTML, like Gecko) Chrome/84.0.4147.135 Safari/537.36',
  'cache-control' => 'no-cache',
  'pragma' => 'no-cache',
  'connection' => 'keep-alive',
  'host' => 'fastadmin.com',
  'content-length' => '',
  'content-type' => '',
)
[ info ] [ PARAM ] array (
  'callback' => 'define',
  'controllername' => 'index',
  'v' => '1599382987',
)
[ info ] [ LANG ] D:\phpStudy\PHPTutorial\WWW\adsence-cms\public/../application/admin\lang\zh-cn.php
[ info ] [ BEHAVIOR ] Run app\common\behavior\Common @module_init [ RunTime:0.001352s ]
[ info ] [ SESSION ] INIT array (
  'id' => '',
  'var_session_id' => '',
  'prefix' => 'think',
  'type' => '',
  'auto_start' => true,
)
[ info ] [ LANG ] D:\phpStudy\PHPTutorial\WWW\adsence-cms\public/../application/admin/lang/zh-cn/ajax.php
[ info ] [ RUN ] app\admin\controller\Ajax->lang[ D:\phpStudy\PHPTutorial\WWW\adsence-cms\application\admin\controller\Ajax.php ]
[ info ] [ LANG ] D:\phpStudy\PHPTutorial\WWW\adsence-cms\public/../application/admin/lang/zh-cn/index.php
[ info ] [ BEHAVIOR ] Run app\admin\behavior\AdminLog @app_end [ RunTime:0.000649s ]
[ info ] [ LOG ] INIT File
---------------------------------------------------------------
[ 2020-09-06T17:03:13+08:00 ] 127.0.0.1 POST fastadmin.com/index.php/admin/index/login?url=%2Findex.php%2Fadmin%2Fdashboard%3Fref%3Daddtabs
[运行时间：0.231942s] [吞吐率：4.31req/s] [内存消耗：3,231.37kb] [文件加载：79]
[ info ] [ BEHAVIOR ] Run Closure @app_init [ RunTime:0.000014s ]
[ info ] [ CACHE ] INIT File
[ info ] [ BEHAVIOR ] Run Closure @app_init [ RunTime:0.002259s ]
[ info ] [ LANG ] D:\phpStudy\PHPTutorial\WWW\adsence-cms\thinkphp\lang\zh-cn.php
[ info ] [ ROUTE ] array (
  'type' => 'module',
  'module' => 
  array (
    0 => 'admin',
    1 => 'index',
    2 => 'login',
  ),
)
[ info ] [ HEADER ] array (
  'cookie' => 'PHPSESSID=9qq12lqjec7ccrqr8p81v5iiba',
  'accept-language' => 'zh-CN,zh-TW;q=0.9,zh;q=0.8,en-US;q=0.7,en;q=0.6',
  'accept-encoding' => 'gzip, deflate',
  'referer' => 'http://fastadmin.com/index.php/admin/index/login?url=%2Findex.php%2Fadmin%2Fdashboard%3Fref%3Daddtabs',
  'origin' => 'http://fastadmin.com',
  'content-type' => 'application/x-www-form-urlencoded; charset=UTF-8',
  'user-agent' => 'Mozilla/5.0 (Windows NT 10.0; Win64; x64) AppleWebKit/537.36 (KHTML, like Gecko) Chrome/84.0.4147.135 Safari/537.36',
  'x-requested-with' => 'XMLHttpRequest',
  'accept' => 'application/json, text/javascript, */*; q=0.01',
  'cache-control' => 'no-cache',
  'pragma' => 'no-cache',
  'content-length' => '73',
  'connection' => 'keep-alive',
  'host' => 'fastadmin.com',
)
[ info ] [ PARAM ] array (
  'url' => '/index.php/admin/dashboard?ref=addtabs',
  '__token__' => 'e62b88121c1a9d916ed887cab7ab1cb9',
  'username' => 'admin',
  'password' => '123qwe',
)
[ info ] [ LANG ] D:\phpStudy\PHPTutorial\WWW\adsence-cms\public/../application/admin\lang\zh-cn.php
[ info ] [ BEHAVIOR ] Run app\common\behavior\Common @module_init [ RunTime:0.001547s ]
[ info ] [ SESSION ] INIT array (
  'id' => '',
  'var_session_id' => '',
  'prefix' => 'think',
  'type' => '',
  'auto_start' => true,
)
[ info ] [ LANG ] D:\phpStudy\PHPTutorial\WWW\adsence-cms\public/../application/admin/lang/zh-cn/index.php
[ info ] [ RUN ] app\admin\controller\Index->login[ D:\phpStudy\PHPTutorial\WWW\adsence-cms\application\admin\controller\Index.php ]
[ info ] [ DB ] INIT mysql
[ info ] [ BEHAVIOR ] Run app\admin\behavior\AdminLog @app_end [ RunTime:0.028858s ]
[ info ] [ LOG ] INIT File
[ sql ] [ DB ] CONNECT:[ UseTime:0.011614s ] mysql:host=127.0.0.1;dbname=fastadmin;charset=utf8
[ sql ] [ SQL ] SHOW COLUMNS FROM `fa_admin` [ RunTime:0.033530s ]
[ sql ] [ SQL ] SELECT * FROM `fa_admin` WHERE  `username` = 'admin' LIMIT 1 [ RunTime:0.000814s ]
[ sql ] [ SQL ] UPDATE `fa_admin`  SET `logintime`=1599382993,`token`='4ad7a35e-73d0-4f7f-bd1b-a95c4ce8e6ab',`updatetime`=1599382993  WHERE  `id` = 1 [ RunTime:0.001383s ]
[ sql ] [ SQL ] SHOW COLUMNS FROM `fa_admin_log` [ RunTime:0.026353s ]
[ sql ] [ SQL ] INSERT INTO `fa_admin_log` (`title` , `content` , `url` , `admin_id` , `username` , `useragent` , `ip` , `createtime`) VALUES ('登录' , '{\"url\":\"\\/index.php\\/admin\\/dashboard?ref=addtabs\",\"__token__\":\"e62b88121c1a9d916ed887cab7ab1cb9\",\"username\":\"admin\"}' , '/index.php/admin/index/login?url=%2Findex.php%2Fadmin%2Fdashboard%3Fref%3Daddtabs' , 1 , 'admin' , 'Mozilla/5.0 (Windows NT 10.0; Win64; x64) AppleWebKit/537.36 (KHTML, like Gecko) Chrome/84.0.4147.135 Safari/537.36' , '127.0.0.1' , 1599382993) [ RunTime:0.001155s ]
---------------------------------------------------------------
[ 2020-09-06T17:03:13+08:00 ] 127.0.0.1 GET fastadmin.com/index.php/admin/dashboard?ref=addtabs
[运行时间：0.140700s] [吞吐率：7.11req/s] [内存消耗：2,899.30kb] [文件加载：74]
[ info ] [ BEHAVIOR ] Run Closure @app_init [ RunTime:0.000014s ]
[ info ] [ CACHE ] INIT File
[ info ] [ BEHAVIOR ] Run Closure @app_init [ RunTime:0.002737s ]
[ info ] [ LANG ] D:\phpStudy\PHPTutorial\WWW\adsence-cms\thinkphp\lang\zh-cn.php
[ info ] [ ROUTE ] array (
  'type' => 'module',
  'module' => 
  array (
    0 => 'admin',
    1 => 'dashboard',
    2 => NULL,
  ),
)
[ info ] [ HEADER ] array (
  'cookie' => 'PHPSESSID=9qq12lqjec7ccrqr8p81v5iiba',
  'accept-language' => 'zh-CN,zh-TW;q=0.9,zh;q=0.8,en-US;q=0.7,en;q=0.6',
  'accept-encoding' => 'gzip, deflate',
  'referer' => 'http://fastadmin.com/index.php/admin/index/login?url=%2Findex.php%2Fadmin%2Fdashboard%3Fref%3Daddtabs',
  'accept' => 'text/html,application/xhtml+xml,application/xml;q=0.9,image/webp,image/apng,*/*;q=0.8,application/signed-exchange;v=b3;q=0.9',
  'user-agent' => 'Mozilla/5.0 (Windows NT 10.0; Win64; x64) AppleWebKit/537.36 (KHTML, like Gecko) Chrome/84.0.4147.135 Safari/537.36',
  'upgrade-insecure-requests' => '1',
  'cache-control' => 'no-cache',
  'pragma' => 'no-cache',
  'connection' => 'keep-alive',
  'host' => 'fastadmin.com',
  'content-length' => '',
  'content-type' => '',
)
[ info ] [ PARAM ] array (
  'ref' => 'addtabs',
)
[ info ] [ LANG ] D:\phpStudy\PHPTutorial\WWW\adsence-cms\public/../application/admin\lang\zh-cn.php
[ info ] [ BEHAVIOR ] Run app\common\behavior\Common @module_init [ RunTime:0.001771s ]
[ info ] [ SESSION ] INIT array (
  'id' => '',
  'var_session_id' => '',
  'prefix' => 'think',
  'type' => '',
  'auto_start' => true,
)
[ info ] [ DB ] INIT mysql
[ info ] [ BEHAVIOR ] Run app\admin\behavior\AdminLog @app_end [ RunTime:0.000244s ]
[ info ] [ LOG ] INIT File
[ sql ] [ DB ] CONNECT:[ UseTime:0.012312s ] mysql:host=127.0.0.1;dbname=fastadmin;charset=utf8
[ sql ] [ SQL ] SHOW COLUMNS FROM `fa_auth_group_access` [ RunTime:0.025590s ]
[ sql ] [ SQL ] SELECT `aga`.`uid`,`aga`.`group_id`,`ag`.`id`,`ag`.`pid`,`ag`.`name`,`ag`.`rules` FROM `fa_auth_group_access` `aga` LEFT JOIN `fa_auth_group` `ag` ON `aga`.`group_id`=`ag`.`id` WHERE  (  aga.uid='1' and ag.status='normal' ) [ RunTime:0.008368s ]
[ sql ] [ SQL ] SHOW COLUMNS FROM `fa_auth_rule` [ RunTime:0.023804s ]
[ sql ] [ SQL ] SELECT `id`,`pid`,`condition`,`icon`,`name`,`title`,`ismenu` FROM `fa_auth_rule` WHERE  `status` = 'normal' [ RunTime:0.000790s ]
---------------------------------------------------------------
[ 2020-09-06T17:03:13+08:00 ] 127.0.0.1 GET fastadmin.com/index.php/admin/index/index
[运行时间：0.391727s] [吞吐率：2.55req/s] [内存消耗：3,545.01kb] [文件加载：88]
[ info ] [ BEHAVIOR ] Run Closure @app_init [ RunTime:0.000014s ]
[ info ] [ CACHE ] INIT File
[ info ] [ BEHAVIOR ] Run Closure @app_init [ RunTime:0.002205s ]
[ info ] [ LANG ] D:\phpStudy\PHPTutorial\WWW\adsence-cms\thinkphp\lang\zh-cn.php
[ info ] [ ROUTE ] array (
  'type' => 'module',
  'module' => 
  array (
    0 => 'admin',
    1 => 'index',
    2 => 'index',
  ),
)
[ info ] [ HEADER ] array (
  'cookie' => 'PHPSESSID=9qq12lqjec7ccrqr8p81v5iiba',
  'accept-language' => 'zh-CN,zh-TW;q=0.9,zh;q=0.8,en-US;q=0.7,en;q=0.6',
  'accept-encoding' => 'gzip, deflate',
  'referer' => 'http://fastadmin.com/index.php/admin/index/login?url=%2Findex.php%2Fadmin%2Fdashboard%3Fref%3Daddtabs',
  'accept' => 'text/html,application/xhtml+xml,application/xml;q=0.9,image/webp,image/apng,*/*;q=0.8,application/signed-exchange;v=b3;q=0.9',
  'user-agent' => 'Mozilla/5.0 (Windows NT 10.0; Win64; x64) AppleWebKit/537.36 (KHTML, like Gecko) Chrome/84.0.4147.135 Safari/537.36',
  'upgrade-insecure-requests' => '1',
  'cache-control' => 'no-cache',
  'pragma' => 'no-cache',
  'connection' => 'keep-alive',
  'host' => 'fastadmin.com',
  'content-length' => '',
  'content-type' => '',
)
[ info ] [ PARAM ] array (
)
[ info ] [ LANG ] D:\phpStudy\PHPTutorial\WWW\adsence-cms\public/../application/admin\lang\zh-cn.php
[ info ] [ BEHAVIOR ] Run app\common\behavior\Common @module_init [ RunTime:0.001171s ]
[ info ] [ SESSION ] INIT array (
  'id' => '',
  'var_session_id' => '',
  'prefix' => 'think',
  'type' => '',
  'auto_start' => true,
)
[ info ] [ LANG ] D:\phpStudy\PHPTutorial\WWW\adsence-cms\public/../application/admin/lang/zh-cn/index.php
[ info ] [ RUN ] app\admin\controller\Index->index[ D:\phpStudy\PHPTutorial\WWW\adsence-cms\application\admin\controller\Index.php ]
[ info ] [ DB ] INIT mysql
[ info ] [ VIEW ] D:\phpStudy\PHPTutorial\WWW\adsence-cms\public/../application/admin\view\index\index.html [ array (
  0 => 'breadcrumb',
  1 => 'site',
  2 => 'config',
  3 => 'auth',
  4 => 'admin',
  5 => 'menulist',
  6 => 'navlist',
  7 => 'fixedmenu',
  8 => 'referermenu',
  9 => 'title',
) ]
[ info ] [ BEHAVIOR ] Run app\admin\behavior\AdminLog @app_end [ RunTime:0.000237s ]
[ info ] [ LOG ] INIT File
[ sql ] [ DB ] CONNECT:[ UseTime:0.011742s ] mysql:host=127.0.0.1;dbname=fastadmin;charset=utf8
[ sql ] [ SQL ] SHOW COLUMNS FROM `fa_auth_group_access` [ RunTime:0.009050s ]
[ sql ] [ SQL ] SELECT `aga`.`uid`,`aga`.`group_id`,`ag`.`id`,`ag`.`pid`,`ag`.`name`,`ag`.`rules` FROM `fa_auth_group_access` `aga` LEFT JOIN `fa_auth_group` `ag` ON `aga`.`group_id`=`ag`.`id` WHERE  (  aga.uid='1' and ag.status='normal' ) [ RunTime:0.000382s ]
[ sql ] [ SQL ] SHOW COLUMNS FROM `fa_auth_rule` [ RunTime:0.009238s ]
[ sql ] [ SQL ] SELECT `id`,`pid`,`condition`,`icon`,`name`,`title`,`ismenu` FROM `fa_auth_rule` WHERE  `status` = 'normal' [ RunTime:0.000899s ]
---------------------------------------------------------------
[ 2020-09-06T17:03:14+08:00 ] 127.0.0.1 GET fastadmin.com/index.php/admin/dashboard?addtabs=1
[运行时间：0.198495s] [吞吐率：5.04req/s] [内存消耗：3,412.99kb] [文件加载：79]
[ info ] [ BEHAVIOR ] Run Closure @app_init [ RunTime:0.000024s ]
[ info ] [ CACHE ] INIT File
[ info ] [ BEHAVIOR ] Run Closure @app_init [ RunTime:0.002753s ]
[ info ] [ LANG ] D:\phpStudy\PHPTutorial\WWW\adsence-cms\thinkphp\lang\zh-cn.php
[ info ] [ ROUTE ] array (
  'type' => 'module',
  'module' => 
  array (
    0 => 'admin',
    1 => 'dashboard',
    2 => NULL,
  ),
)
[ info ] [ HEADER ] array (
  'cookie' => 'PHPSESSID=9qq12lqjec7ccrqr8p81v5iiba',
  'accept-language' => 'zh-CN,zh-TW;q=0.9,zh;q=0.8,en-US;q=0.7,en;q=0.6',
  'accept-encoding' => 'gzip, deflate',
  'referer' => 'http://fastadmin.com/index.php/admin/index/index',
  'accept' => 'text/html,application/xhtml+xml,application/xml;q=0.9,image/webp,image/apng,*/*;q=0.8,application/signed-exchange;v=b3;q=0.9',
  'user-agent' => 'Mozilla/5.0 (Windows NT 10.0; Win64; x64) AppleWebKit/537.36 (KHTML, like Gecko) Chrome/84.0.4147.135 Safari/537.36',
  'upgrade-insecure-requests' => '1',
  'cache-control' => 'no-cache',
  'pragma' => 'no-cache',
  'connection' => 'keep-alive',
  'host' => 'fastadmin.com',
  'content-length' => '',
  'content-type' => '',
)
[ info ] [ PARAM ] array (
  'addtabs' => '1',
)
[ info ] [ LANG ] D:\phpStudy\PHPTutorial\WWW\adsence-cms\public/../application/admin\lang\zh-cn.php
[ info ] [ BEHAVIOR ] Run app\common\behavior\Common @module_init [ RunTime:0.001194s ]
[ info ] [ SESSION ] INIT array (
  'id' => '',
  'var_session_id' => '',
  'prefix' => 'think',
  'type' => '',
  'auto_start' => true,
)
[ info ] [ DB ] INIT mysql
[ info ] [ LANG ] D:\phpStudy\PHPTutorial\WWW\adsence-cms\public/../application/admin/lang/zh-cn/dashboard.php
[ info ] [ RUN ] app\admin\controller\Dashboard->index[ D:\phpStudy\PHPTutorial\WWW\adsence-cms\application\admin\controller\Dashboard.php ]
[ info ] [ VIEW ] D:\phpStudy\PHPTutorial\WWW\adsence-cms\public/../application/admin\view\dashboard\index.html [ array (
  0 => 'breadcrumb',
  1 => 'site',
  2 => 'config',
  3 => 'auth',
  4 => 'admin',
  5 => 'totaluser',
  6 => 'totalviews',
  7 => 'totalorder',
  8 => 'totalorderamount',
  9 => 'todayuserlogin',
  10 => 'todayusersignup',
  11 => 'todayorder',
  12 => 'unsettleorder',
  13 => 'sevendnu',
  14 => 'sevendau',
  15 => 'paylist',
  16 => 'createlist',
  17 => 'addonversion',
  18 => 'uploadmode',
) ]
[ info ] [ BEHAVIOR ] Run app\admin\behavior\AdminLog @app_end [ RunTime:0.000375s ]
[ info ] [ LOG ] INIT File
[ sql ] [ DB ] CONNECT:[ UseTime:0.010572s ] mysql:host=127.0.0.1;dbname=fastadmin;charset=utf8
[ sql ] [ SQL ] SHOW COLUMNS FROM `fa_auth_group_access` [ RunTime:0.019001s ]
[ sql ] [ SQL ] SELECT `aga`.`uid`,`aga`.`group_id`,`ag`.`id`,`ag`.`pid`,`ag`.`name`,`ag`.`rules` FROM `fa_auth_group_access` `aga` LEFT JOIN `fa_auth_group` `ag` ON `aga`.`group_id`=`ag`.`id` WHERE  (  aga.uid='1' and ag.status='normal' ) [ RunTime:0.000437s ]
[ sql ] [ SQL ] SHOW COLUMNS FROM `fa_auth_rule` [ RunTime:0.013707s ]
[ sql ] [ SQL ] SELECT `id`,`pid`,`condition`,`icon`,`name`,`title`,`ismenu` FROM `fa_auth_rule` WHERE  `status` = 'normal' [ RunTime:0.000714s ]
[ sql ] [ SQL ] SELECT `title`,`remark` FROM `fa_auth_rule` WHERE  `name` = 'dashboard' LIMIT 1 [ RunTime:0.000383s ]
---------------------------------------------------------------
[ 2020-09-06T17:03:14+08:00 ] 127.0.0.1 GET fastadmin.com/index.php/admin/ajax/lang?callback=define&controllername=index&v=1599382993
[运行时间：0.041508s] [吞吐率：24.09req/s] [内存消耗：2,468.96kb] [文件加载：70]
[ info ] [ BEHAVIOR ] Run Closure @app_init [ RunTime:0.000026s ]
[ info ] [ CACHE ] INIT File
[ info ] [ BEHAVIOR ] Run Closure @app_init [ RunTime:0.002802s ]
[ info ] [ LANG ] D:\phpStudy\PHPTutorial\WWW\adsence-cms\thinkphp\lang\zh-cn.php
[ info ] [ ROUTE ] array (
  'type' => 'module',
  'module' => 
  array (
    0 => 'admin',
    1 => 'ajax',
    2 => 'lang',
  ),
)
[ info ] [ HEADER ] array (
  'cookie' => 'PHPSESSID=9qq12lqjec7ccrqr8p81v5iiba',
  'accept-language' => 'zh-CN,zh-TW;q=0.9,zh;q=0.8,en-US;q=0.7,en;q=0.6',
  'accept-encoding' => 'gzip, deflate',
  'referer' => 'http://fastadmin.com/index.php/admin/index/index',
  'accept' => '*/*',
  'user-agent' => 'Mozilla/5.0 (Windows NT 10.0; Win64; x64) AppleWebKit/537.36 (KHTML, like Gecko) Chrome/84.0.4147.135 Safari/537.36',
  'cache-control' => 'no-cache',
  'pragma' => 'no-cache',
  'connection' => 'keep-alive',
  'host' => 'fastadmin.com',
  'content-length' => '',
  'content-type' => '',
)
[ info ] [ PARAM ] array (
  'callback' => 'define',
  'controllername' => 'index',
  'v' => '1599382993',
)
[ info ] [ LANG ] D:\phpStudy\PHPTutorial\WWW\adsence-cms\public/../application/admin\lang\zh-cn.php
[ info ] [ BEHAVIOR ] Run app\common\behavior\Common @module_init [ RunTime:0.001583s ]
[ info ] [ SESSION ] INIT array (
  'id' => '',
  'var_session_id' => '',
  'prefix' => 'think',
  'type' => '',
  'auto_start' => true,
)
[ info ] [ LANG ] D:\phpStudy\PHPTutorial\WWW\adsence-cms\public/../application/admin/lang/zh-cn/ajax.php
[ info ] [ RUN ] app\admin\controller\Ajax->lang[ D:\phpStudy\PHPTutorial\WWW\adsence-cms\application\admin\controller\Ajax.php ]
[ info ] [ LANG ] D:\phpStudy\PHPTutorial\WWW\adsence-cms\public/../application/admin/lang/zh-cn/index.php
[ info ] [ BEHAVIOR ] Run app\admin\behavior\AdminLog @app_end [ RunTime:0.000300s ]
[ info ] [ LOG ] INIT File
---------------------------------------------------------------
[ 2020-09-06T17:03:14+08:00 ] 127.0.0.1 GET fastadmin.com/index.php/admin/ajax/lang?callback=define&controllername=dashboard&v=1599382994
[运行时间：0.036621s] [吞吐率：27.31req/s] [内存消耗：2,467.43kb] [文件加载：70]
[ info ] [ BEHAVIOR ] Run Closure @app_init [ RunTime:0.000025s ]
[ info ] [ CACHE ] INIT File
[ info ] [ BEHAVIOR ] Run Closure @app_init [ RunTime:0.003984s ]
[ info ] [ LANG ] D:\phpStudy\PHPTutorial\WWW\adsence-cms\thinkphp\lang\zh-cn.php
[ info ] [ ROUTE ] array (
  'type' => 'module',
  'module' => 
  array (
    0 => 'admin',
    1 => 'ajax',
    2 => 'lang',
  ),
)
[ info ] [ HEADER ] array (
  'cookie' => 'PHPSESSID=9qq12lqjec7ccrqr8p81v5iiba',
  'accept-language' => 'zh-CN,zh-TW;q=0.9,zh;q=0.8,en-US;q=0.7,en;q=0.6',
  'accept-encoding' => 'gzip, deflate',
  'referer' => 'http://fastadmin.com/index.php/admin/dashboard?addtabs=1',
  'accept' => '*/*',
  'user-agent' => 'Mozilla/5.0 (Windows NT 10.0; Win64; x64) AppleWebKit/537.36 (KHTML, like Gecko) Chrome/84.0.4147.135 Safari/537.36',
  'cache-control' => 'no-cache',
  'pragma' => 'no-cache',
  'connection' => 'keep-alive',
  'host' => 'fastadmin.com',
  'content-length' => '',
  'content-type' => '',
)
[ info ] [ PARAM ] array (
  'callback' => 'define',
  'controllername' => 'dashboard',
  'v' => '1599382994',
)
[ info ] [ LANG ] D:\phpStudy\PHPTutorial\WWW\adsence-cms\public/../application/admin\lang\zh-cn.php
[ info ] [ BEHAVIOR ] Run app\common\behavior\Common @module_init [ RunTime:0.001466s ]
[ info ] [ SESSION ] INIT array (
  'id' => '',
  'var_session_id' => '',
  'prefix' => 'think',
  'type' => '',
  'auto_start' => true,
)
[ info ] [ LANG ] D:\phpStudy\PHPTutorial\WWW\adsence-cms\public/../application/admin/lang/zh-cn/ajax.php
[ info ] [ RUN ] app\admin\controller\Ajax->lang[ D:\phpStudy\PHPTutorial\WWW\adsence-cms\application\admin\controller\Ajax.php ]
[ info ] [ LANG ] D:\phpStudy\PHPTutorial\WWW\adsence-cms\public/../application/admin/lang/zh-cn/dashboard.php
[ info ] [ BEHAVIOR ] Run app\admin\behavior\AdminLog @app_end [ RunTime:0.000219s ]
[ info ] [ LOG ] INIT File
---------------------------------------------------------------
[ 2020-09-06T17:03:59+08:00 ] 127.0.0.1 GET fastadmin.com/index.php/admin/index/login?url=%2Findex.php%2Fadmin%2Fdashboard%3Fref%3Daddtabs
[运行时间：0.058678s] [吞吐率：17.04req/s] [内存消耗：2,445.42kb] [文件加载：70]
[ info ] [ BEHAVIOR ] Run Closure @app_init [ RunTime:0.000044s ]
[ info ] [ CACHE ] INIT File
[ info ] [ BEHAVIOR ] Run Closure @app_init [ RunTime:0.002399s ]
[ info ] [ LANG ] D:\phpStudy\PHPTutorial\WWW\adsence-cms\thinkphp\lang\zh-cn.php
[ info ] [ ROUTE ] array (
  'type' => 'module',
  'module' => 
  array (
    0 => 'admin',
    1 => 'index',
    2 => 'login',
  ),
)
[ info ] [ HEADER ] array (
  'cookie' => 'PHPSESSID=9qq12lqjec7ccrqr8p81v5iiba',
  'accept-language' => 'zh-CN,zh-TW;q=0.9,zh;q=0.8,en-US;q=0.7,en;q=0.6',
  'accept-encoding' => 'gzip, deflate',
  'accept' => 'text/html,application/xhtml+xml,application/xml;q=0.9,image/webp,image/apng,*/*;q=0.8,application/signed-exchange;v=b3;q=0.9',
  'user-agent' => 'Mozilla/5.0 (Windows NT 10.0; Win64; x64) AppleWebKit/537.36 (KHTML, like Gecko) Chrome/84.0.4147.135 Safari/537.36',
  'upgrade-insecure-requests' => '1',
  'cache-control' => 'no-cache',
  'pragma' => 'no-cache',
  'connection' => 'keep-alive',
  'host' => 'fastadmin.com',
  'content-length' => '',
  'content-type' => '',
)
[ info ] [ PARAM ] array (
  'url' => '/index.php/admin/dashboard?ref=addtabs',
)
[ info ] [ LANG ] D:\phpStudy\PHPTutorial\WWW\adsence-cms\public/../application/admin\lang\zh-cn.php
[ info ] [ BEHAVIOR ] Run app\common\behavior\Common @module_init [ RunTime:0.001161s ]
[ info ] [ SESSION ] INIT array (
  'id' => '',
  'var_session_id' => '',
  'prefix' => 'think',
  'type' => '',
  'auto_start' => true,
)
[ info ] [ LANG ] D:\phpStudy\PHPTutorial\WWW\adsence-cms\public/../application/admin/lang/zh-cn/index.php
[ info ] [ RUN ] app\admin\controller\Index->login[ D:\phpStudy\PHPTutorial\WWW\adsence-cms\application\admin\controller\Index.php ]
[ info ] [ VIEW ] D:\phpStudy\PHPTutorial\WWW\adsence-cms\public/../application/common\view\tpl\dispatch_jump.tpl [ array (
  0 => 'breadcrumb',
  1 => 'site',
  2 => 'config',
  3 => 'auth',
  4 => 'admin',
  5 => 'code',
  6 => 'msg',
  7 => 'data',
  8 => 'url',
  9 => 'wait',
) ]
[ info ] [ BEHAVIOR ] Run app\admin\behavior\AdminLog @app_end [ RunTime:0.000229s ]
[ info ] [ LOG ] INIT File
