---------------------------------------------------------------
[ 2020-08-24T22:05:00+08:00 ] 127.0.0.1 GET 127.0.0.1/fastadmin/public/index.php
[运行时间：0.769384s] [吞吐率：1.30req/s] [内存消耗：2,144.85kb] [文件加载：61]
[ info ] [ BEHAVIOR ] Run Closure @app_init [ RunTime:0.000273s ]
[ info ] [ CACHE ] INIT File
[ info ] [ BEHAVIOR ] Run Closure @app_init [ RunTime:0.020467s ]
[ info ] [ ROUTE ] array (
  'type' => 'module',
  'module' => 
  array (
    0 => '',
    1 => NULL,
    2 => NULL,
  ),
)
[ info ] [ HEADER ] array (
  'cookie' => 'Hm_lvt_f8d0a8c400404989e195270b0bbf060a=1591863730; remember_admin_59ba36addc2b2f9401580f014c7f58ea4e30989d=eyJpdiI6ImpOZmcyXC9SNThualdPR25meHp4aURnPT0iLCJ2YWx1ZSI6Ik1tNktDZm9RWkx1SytGOGRlektxcTVEd2IzZ0s4eEF4UHNncWZJUVpQc1lHNDZvd3Q1SlkyMGlOVWhhUTU0MkNWTFFRT2o5ODM0UWxZT3BxcUlrR29oeFg5djBMQmVBN29NMGI2aXN0Z2tqMVB1STB2TTRVeUlxazFrdEpQKzU0aEx4OHNzSTZJK0puUzNsWklhc0FUTFwvMnFuSDZ0WkYyd2tJTkN4cXQ5Vnc9IiwibWFjIjoiNzg1M2UzOTRlZmY5MzA4OTFhOTU1OTAzNGJkYzAwNDRjOTJhOWYzMTJkZTVkOGVmYjBjZDYwNjMyYjZhZjFjZSJ9; PHPSESSID=2lelieohopfnlh8rhro3jmugjp',
  'accept-language' => 'zh,zh-CN;q=0.9,zh-HK;q=0.8,zh-TW;q=0.7,en;q=0.6',
  'accept-encoding' => 'gzip, deflate, br',
  'accept' => 'text/html,application/xhtml+xml,application/xml;q=0.9,image/webp,image/apng,*/*;q=0.8',
  'user-agent' => 'Mozilla/5.0 (Windows NT 10.0; WOW64) AppleWebKit/537.36 (KHTML, like Gecko) Chrome/67.0.3396.99 Safari/537.36',
  'upgrade-insecure-requests' => '1',
  'connection' => 'close',
  'host' => '127.0.0.1',
)
[ info ] [ PARAM ] array (
)
[ info ] [ BEHAVIOR ] Run app\common\behavior\Common @module_init [ RunTime:0.037661s ]
[ info ] [ RUN ] app\index\controller\Index->index[ D:\phpstudy\PHPTutorial\WWW\fastadmin\application\index\controller\Index.php ]
[ info ] [ VIEW ] D:\phpstudy\PHPTutorial\WWW\fastadmin\public/../application/index\view\index\index.html [ array (
  0 => 'user',
  1 => 'site',
  2 => 'config',
) ]
[ info ] [ LOG ] INIT File
---------------------------------------------------------------
[ 2020-08-24T22:05:03+08:00 ] 127.0.0.1 GET 127.0.0.1/fastadmin/public/index.php/admin/index/login.html
[运行时间：0.188202s] [吞吐率：5.31req/s] [内存消耗：2,447.54kb] [文件加载：69]
[ info ] [ BEHAVIOR ] Run Closure @app_init [ RunTime:0.000078s ]
[ info ] [ CACHE ] INIT File
[ info ] [ BEHAVIOR ] Run Closure @app_init [ RunTime:0.002768s ]
[ info ] [ ROUTE ] array (
  'type' => 'module',
  'module' => 
  array (
    0 => 'admin',
    1 => 'index',
    2 => 'login',
  ),
)
[ info ] [ HEADER ] array (
  'cookie' => 'remember_admin_59ba36addc2b2f9401580f014c7f58ea4e30989d=eyJpdiI6ImpOZmcyXC9SNThualdPR25meHp4aURnPT0iLCJ2YWx1ZSI6Ik1tNktDZm9RWkx1SytGOGRlektxcTVEd2IzZ0s4eEF4UHNncWZJUVpQc1lHNDZvd3Q1SlkyMGlOVWhhUTU0MkNWTFFRT2o5ODM0UWxZT3BxcUlrR29oeFg5djBMQmVBN29NMGI2aXN0Z2tqMVB1STB2TTRVeUlxazFrdEpQKzU0aEx4OHNzSTZJK0puUzNsWklhc0FUTFwvMnFuSDZ0WkYyd2tJTkN4cXQ5Vnc9IiwibWFjIjoiNzg1M2UzOTRlZmY5MzA4OTFhOTU1OTAzNGJkYzAwNDRjOTJhOWYzMTJkZTVkOGVmYjBjZDYwNjMyYjZhZjFjZSJ9; PHPSESSID=2lelieohopfnlh8rhro3jmugjp; Hm_lvt_f8d0a8c400404989e195270b0bbf060a=1598277901; Hm_lpvt_f8d0a8c400404989e195270b0bbf060a=1598277901',
  'accept-language' => 'zh,zh-CN;q=0.9,zh-HK;q=0.8,zh-TW;q=0.7,en;q=0.6',
  'accept-encoding' => 'gzip, deflate, br',
  'referer' => 'http://127.0.0.1/fastadmin/public/index.php',
  'accept' => 'text/html,application/xhtml+xml,application/xml;q=0.9,image/webp,image/apng,*/*;q=0.8',
  'user-agent' => 'Mozilla/5.0 (Windows NT 10.0; WOW64) AppleWebKit/537.36 (KHTML, like Gecko) Chrome/67.0.3396.99 Safari/537.36',
  'upgrade-insecure-requests' => '1',
  'connection' => 'close',
  'host' => '127.0.0.1',
)
[ info ] [ PARAM ] array (
)
[ info ] [ BEHAVIOR ] Run app\common\behavior\Common @module_init [ RunTime:0.002349s ]
[ info ] [ SESSION ] INIT array (
  'id' => '',
  'var_session_id' => '',
  'prefix' => 'think',
  'type' => '',
  'auto_start' => true,
)
[ info ] [ RUN ] app\admin\controller\Index->login[ D:\phpstudy\PHPTutorial\WWW\fastadmin\application\admin\controller\Index.php ]
[ info ] [ VIEW ] D:\phpstudy\PHPTutorial\WWW\fastadmin\public/../application/admin\view\index\login.html [ array (
  0 => 'breadcrumb',
  1 => 'site',
  2 => 'config',
  3 => 'auth',
  4 => 'admin',
  5 => 'background',
  6 => 'title',
) ]
[ info ] [ BEHAVIOR ] Run app\admin\behavior\AdminLog @app_end [ RunTime:0.001364s ]
[ info ] [ LOG ] INIT File
---------------------------------------------------------------
[ 2020-08-24T22:05:03+08:00 ] 127.0.0.1 GET 127.0.0.1/fastadmin/public/assets/css/backend.css.map
[运行时间：0.115282s] [吞吐率：8.67req/s] [内存消耗：1,397.16kb] [文件加载：48]
[ info ] [ BEHAVIOR ] Run Closure @app_init [ RunTime:0.000044s ]
[ info ] [ CACHE ] INIT File
[ info ] [ BEHAVIOR ] Run Closure @app_init [ RunTime:0.004466s ]
[ info ] [ ROUTE ] array (
  'type' => 'module',
  'module' => 
  array (
    0 => 'assets',
    1 => 'css',
    2 => 'backend.css.map',
  ),
)
[ info ] [ HEADER ] array (
  'cookie' => 'remember_admin_59ba36addc2b2f9401580f014c7f58ea4e30989d=eyJpdiI6ImpOZmcyXC9SNThualdPR25meHp4aURnPT0iLCJ2YWx1ZSI6Ik1tNktDZm9RWkx1SytGOGRlektxcTVEd2IzZ0s4eEF4UHNncWZJUVpQc1lHNDZvd3Q1SlkyMGlOVWhhUTU0MkNWTFFRT2o5ODM0UWxZT3BxcUlrR29oeFg5djBMQmVBN29NMGI2aXN0Z2tqMVB1STB2TTRVeUlxazFrdEpQKzU0aEx4OHNzSTZJK0puUzNsWklhc0FUTFwvMnFuSDZ0WkYyd2tJTkN4cXQ5Vnc9IiwibWFjIjoiNzg1M2UzOTRlZmY5MzA4OTFhOTU1OTAzNGJkYzAwNDRjOTJhOWYzMTJkZTVkOGVmYjBjZDYwNjMyYjZhZjFjZSJ9; PHPSESSID=2lelieohopfnlh8rhro3jmugjp; Hm_lvt_f8d0a8c400404989e195270b0bbf060a=1598277901; Hm_lpvt_f8d0a8c400404989e195270b0bbf060a=1598277901',
  'accept-language' => 'zh,zh-CN;q=0.9,zh-HK;q=0.8,zh-TW;q=0.7,en;q=0.6',
  'accept-encoding' => 'gzip, deflate, br',
  'user-agent' => 'Mozilla/5.0 (Windows NT 10.0; WOW64) AppleWebKit/537.36 (KHTML, like Gecko) Chrome/67.0.3396.99 Safari/537.36',
  'connection' => 'close',
  'host' => '127.0.0.1',
)
[ info ] [ PARAM ] array (
)
[ info ] [ LOG ] INIT File
---------------------------------------------------------------
[ 2020-08-24T22:05:04+08:00 ] 127.0.0.1 GET 127.0.0.1/fastadmin/public/index.php/admin/ajax/lang?callback=define&controllername=index&v=1598277903
[运行时间：0.094831s] [吞吐率：10.55req/s] [内存消耗：2,324.85kb] [文件加载：66]
[ info ] [ BEHAVIOR ] Run Closure @app_init [ RunTime:0.000020s ]
[ info ] [ CACHE ] INIT File
[ info ] [ BEHAVIOR ] Run Closure @app_init [ RunTime:0.001899s ]
[ info ] [ ROUTE ] array (
  'type' => 'module',
  'module' => 
  array (
    0 => 'admin',
    1 => 'ajax',
    2 => 'lang',
  ),
)
[ info ] [ HEADER ] array (
  'cookie' => 'remember_admin_59ba36addc2b2f9401580f014c7f58ea4e30989d=eyJpdiI6ImpOZmcyXC9SNThualdPR25meHp4aURnPT0iLCJ2YWx1ZSI6Ik1tNktDZm9RWkx1SytGOGRlektxcTVEd2IzZ0s4eEF4UHNncWZJUVpQc1lHNDZvd3Q1SlkyMGlOVWhhUTU0MkNWTFFRT2o5ODM0UWxZT3BxcUlrR29oeFg5djBMQmVBN29NMGI2aXN0Z2tqMVB1STB2TTRVeUlxazFrdEpQKzU0aEx4OHNzSTZJK0puUzNsWklhc0FUTFwvMnFuSDZ0WkYyd2tJTkN4cXQ5Vnc9IiwibWFjIjoiNzg1M2UzOTRlZmY5MzA4OTFhOTU1OTAzNGJkYzAwNDRjOTJhOWYzMTJkZTVkOGVmYjBjZDYwNjMyYjZhZjFjZSJ9; PHPSESSID=2lelieohopfnlh8rhro3jmugjp; Hm_lvt_f8d0a8c400404989e195270b0bbf060a=1598277901; Hm_lpvt_f8d0a8c400404989e195270b0bbf060a=1598277901',
  'accept-language' => 'zh,zh-CN;q=0.9,zh-HK;q=0.8,zh-TW;q=0.7,en;q=0.6',
  'accept-encoding' => 'gzip, deflate, br',
  'referer' => 'http://127.0.0.1/fastadmin/public/index.php/admin/index/login.html',
  'accept' => '*/*',
  'user-agent' => 'Mozilla/5.0 (Windows NT 10.0; WOW64) AppleWebKit/537.36 (KHTML, like Gecko) Chrome/67.0.3396.99 Safari/537.36',
  'connection' => 'close',
  'host' => '127.0.0.1',
)
[ info ] [ PARAM ] array (
  'callback' => 'define',
  'controllername' => 'index',
  'v' => '1598277903',
)
[ info ] [ BEHAVIOR ] Run app\common\behavior\Common @module_init [ RunTime:0.002124s ]
[ info ] [ SESSION ] INIT array (
  'id' => '',
  'var_session_id' => '',
  'prefix' => 'think',
  'type' => '',
  'auto_start' => true,
)
[ info ] [ RUN ] app\admin\controller\Ajax->lang[ D:\phpstudy\PHPTutorial\WWW\fastadmin\application\admin\controller\Ajax.php ]
[ info ] [ BEHAVIOR ] Run app\admin\behavior\AdminLog @app_end [ RunTime:0.000320s ]
[ info ] [ LOG ] INIT File
---------------------------------------------------------------
[ 2020-08-24T22:05:04+08:00 ] 127.0.0.1 GET 127.0.0.1/fastadmin/public/uploads/20200526/71bbaac702e64544a7cd0e7f92bdceb3.jpg
[运行时间：0.034125s] [吞吐率：29.30req/s] [内存消耗：1,398.55kb] [文件加载：48]
[ info ] [ BEHAVIOR ] Run Closure @app_init [ RunTime:0.000025s ]
[ info ] [ CACHE ] INIT File
[ info ] [ BEHAVIOR ] Run Closure @app_init [ RunTime:0.002294s ]
[ info ] [ ROUTE ] array (
  'type' => 'module',
  'module' => 
  array (
    0 => 'uploads',
    1 => '20200526',
    2 => '71bbaac702e64544a7cd0e7f92bdceb3.jpg',
  ),
)
[ info ] [ HEADER ] array (
  'cookie' => 'remember_admin_59ba36addc2b2f9401580f014c7f58ea4e30989d=eyJpdiI6ImpOZmcyXC9SNThualdPR25meHp4aURnPT0iLCJ2YWx1ZSI6Ik1tNktDZm9RWkx1SytGOGRlektxcTVEd2IzZ0s4eEF4UHNncWZJUVpQc1lHNDZvd3Q1SlkyMGlOVWhhUTU0MkNWTFFRT2o5ODM0UWxZT3BxcUlrR29oeFg5djBMQmVBN29NMGI2aXN0Z2tqMVB1STB2TTRVeUlxazFrdEpQKzU0aEx4OHNzSTZJK0puUzNsWklhc0FUTFwvMnFuSDZ0WkYyd2tJTkN4cXQ5Vnc9IiwibWFjIjoiNzg1M2UzOTRlZmY5MzA4OTFhOTU1OTAzNGJkYzAwNDRjOTJhOWYzMTJkZTVkOGVmYjBjZDYwNjMyYjZhZjFjZSJ9; PHPSESSID=2lelieohopfnlh8rhro3jmugjp; Hm_lvt_f8d0a8c400404989e195270b0bbf060a=1598277901; Hm_lpvt_f8d0a8c400404989e195270b0bbf060a=1598277901',
  'accept-language' => 'zh,zh-CN;q=0.9,zh-HK;q=0.8,zh-TW;q=0.7,en;q=0.6',
  'accept-encoding' => 'gzip, deflate, br',
  'referer' => 'http://127.0.0.1/fastadmin/public/index.php/admin/index/login.html',
  'accept' => 'image/webp,image/apng,image/*,*/*;q=0.8',
  'user-agent' => 'Mozilla/5.0 (Windows NT 10.0; WOW64) AppleWebKit/537.36 (KHTML, like Gecko) Chrome/67.0.3396.99 Safari/537.36',
  'connection' => 'close',
  'host' => '127.0.0.1',
)
[ info ] [ PARAM ] array (
)
[ info ] [ LOG ] INIT File
---------------------------------------------------------------
[ 2020-08-24T22:05:04+08:00 ] 127.0.0.1 GET 127.0.0.1/fastadmin/public/assets/css/fastadmin.css.map
[运行时间：0.045914s] [吞吐率：21.78req/s] [内存消耗：1,397.20kb] [文件加载：48]
[ info ] [ BEHAVIOR ] Run Closure @app_init [ RunTime:0.000038s ]
[ info ] [ CACHE ] INIT File
[ info ] [ BEHAVIOR ] Run Closure @app_init [ RunTime:0.003544s ]
[ info ] [ ROUTE ] array (
  'type' => 'module',
  'module' => 
  array (
    0 => 'assets',
    1 => 'css',
    2 => 'fastadmin.css.map',
  ),
)
[ info ] [ HEADER ] array (
  'cookie' => 'remember_admin_59ba36addc2b2f9401580f014c7f58ea4e30989d=eyJpdiI6ImpOZmcyXC9SNThualdPR25meHp4aURnPT0iLCJ2YWx1ZSI6Ik1tNktDZm9RWkx1SytGOGRlektxcTVEd2IzZ0s4eEF4UHNncWZJUVpQc1lHNDZvd3Q1SlkyMGlOVWhhUTU0MkNWTFFRT2o5ODM0UWxZT3BxcUlrR29oeFg5djBMQmVBN29NMGI2aXN0Z2tqMVB1STB2TTRVeUlxazFrdEpQKzU0aEx4OHNzSTZJK0puUzNsWklhc0FUTFwvMnFuSDZ0WkYyd2tJTkN4cXQ5Vnc9IiwibWFjIjoiNzg1M2UzOTRlZmY5MzA4OTFhOTU1OTAzNGJkYzAwNDRjOTJhOWYzMTJkZTVkOGVmYjBjZDYwNjMyYjZhZjFjZSJ9; PHPSESSID=2lelieohopfnlh8rhro3jmugjp; Hm_lvt_f8d0a8c400404989e195270b0bbf060a=1598277901; Hm_lpvt_f8d0a8c400404989e195270b0bbf060a=1598277901',
  'accept-language' => 'zh,zh-CN;q=0.9,zh-HK;q=0.8,zh-TW;q=0.7,en;q=0.6',
  'accept-encoding' => 'gzip, deflate, br',
  'user-agent' => 'Mozilla/5.0 (Windows NT 10.0; WOW64) AppleWebKit/537.36 (KHTML, like Gecko) Chrome/67.0.3396.99 Safari/537.36',
  'connection' => 'close',
  'host' => '127.0.0.1',
)
[ info ] [ PARAM ] array (
)
[ info ] [ LOG ] INIT File
---------------------------------------------------------------
[ 2020-08-24T22:05:05+08:00 ] 127.0.0.1 GET 127.0.0.1/fastadmin/public/assets/css/bootstrap.css.map
[运行时间：0.051791s] [吞吐率：19.31req/s] [内存消耗：1,397.20kb] [文件加载：48]
[ info ] [ BEHAVIOR ] Run Closure @app_init [ RunTime:0.000165s ]
[ info ] [ CACHE ] INIT File
[ info ] [ BEHAVIOR ] Run Closure @app_init [ RunTime:0.004299s ]
[ info ] [ ROUTE ] array (
  'type' => 'module',
  'module' => 
  array (
    0 => 'assets',
    1 => 'css',
    2 => 'bootstrap.css.map',
  ),
)
[ info ] [ HEADER ] array (
  'cookie' => 'remember_admin_59ba36addc2b2f9401580f014c7f58ea4e30989d=eyJpdiI6ImpOZmcyXC9SNThualdPR25meHp4aURnPT0iLCJ2YWx1ZSI6Ik1tNktDZm9RWkx1SytGOGRlektxcTVEd2IzZ0s4eEF4UHNncWZJUVpQc1lHNDZvd3Q1SlkyMGlOVWhhUTU0MkNWTFFRT2o5ODM0UWxZT3BxcUlrR29oeFg5djBMQmVBN29NMGI2aXN0Z2tqMVB1STB2TTRVeUlxazFrdEpQKzU0aEx4OHNzSTZJK0puUzNsWklhc0FUTFwvMnFuSDZ0WkYyd2tJTkN4cXQ5Vnc9IiwibWFjIjoiNzg1M2UzOTRlZmY5MzA4OTFhOTU1OTAzNGJkYzAwNDRjOTJhOWYzMTJkZTVkOGVmYjBjZDYwNjMyYjZhZjFjZSJ9; PHPSESSID=2lelieohopfnlh8rhro3jmugjp; Hm_lvt_f8d0a8c400404989e195270b0bbf060a=1598277901; Hm_lpvt_f8d0a8c400404989e195270b0bbf060a=1598277901',
  'accept-language' => 'zh,zh-CN;q=0.9,zh-HK;q=0.8,zh-TW;q=0.7,en;q=0.6',
  'accept-encoding' => 'gzip, deflate, br',
  'user-agent' => 'Mozilla/5.0 (Windows NT 10.0; WOW64) AppleWebKit/537.36 (KHTML, like Gecko) Chrome/67.0.3396.99 Safari/537.36',
  'connection' => 'close',
  'host' => '127.0.0.1',
)
[ info ] [ PARAM ] array (
)
[ info ] [ LOG ] INIT File
---------------------------------------------------------------
[ 2020-08-24T22:05:05+08:00 ] 127.0.0.1 GET 127.0.0.1/fastadmin/public/assets/css/skins/skin-green.css.map
[运行时间：0.053621s] [吞吐率：18.65req/s] [内存消耗：1,397.23kb] [文件加载：48]
[ info ] [ BEHAVIOR ] Run Closure @app_init [ RunTime:0.000147s ]
[ info ] [ CACHE ] INIT File
[ info ] [ BEHAVIOR ] Run Closure @app_init [ RunTime:0.004212s ]
[ info ] [ ROUTE ] array (
  'type' => 'module',
  'module' => 
  array (
    0 => 'assets',
    1 => 'css',
    2 => 'skins',
  ),
)
[ info ] [ HEADER ] array (
  'cookie' => 'remember_admin_59ba36addc2b2f9401580f014c7f58ea4e30989d=eyJpdiI6ImpOZmcyXC9SNThualdPR25meHp4aURnPT0iLCJ2YWx1ZSI6Ik1tNktDZm9RWkx1SytGOGRlektxcTVEd2IzZ0s4eEF4UHNncWZJUVpQc1lHNDZvd3Q1SlkyMGlOVWhhUTU0MkNWTFFRT2o5ODM0UWxZT3BxcUlrR29oeFg5djBMQmVBN29NMGI2aXN0Z2tqMVB1STB2TTRVeUlxazFrdEpQKzU0aEx4OHNzSTZJK0puUzNsWklhc0FUTFwvMnFuSDZ0WkYyd2tJTkN4cXQ5Vnc9IiwibWFjIjoiNzg1M2UzOTRlZmY5MzA4OTFhOTU1OTAzNGJkYzAwNDRjOTJhOWYzMTJkZTVkOGVmYjBjZDYwNjMyYjZhZjFjZSJ9; PHPSESSID=2lelieohopfnlh8rhro3jmugjp; Hm_lvt_f8d0a8c400404989e195270b0bbf060a=1598277901; Hm_lpvt_f8d0a8c400404989e195270b0bbf060a=1598277901',
  'accept-language' => 'zh,zh-CN;q=0.9,zh-HK;q=0.8,zh-TW;q=0.7,en;q=0.6',
  'accept-encoding' => 'gzip, deflate, br',
  'user-agent' => 'Mozilla/5.0 (Windows NT 10.0; WOW64) AppleWebKit/537.36 (KHTML, like Gecko) Chrome/67.0.3396.99 Safari/537.36',
  'connection' => 'close',
  'host' => '127.0.0.1',
)
[ info ] [ PARAM ] array (
)
[ info ] [ LOG ] INIT File
---------------------------------------------------------------
[ 2020-08-24T22:05:16+08:00 ] 127.0.0.1 POST 127.0.0.1/fastadmin/public/index.php/admin/index/login.html
[运行时间：0.326701s] [吞吐率：3.06req/s] [内存消耗：2,972.22kb] [文件加载：76]
[ info ] [ BEHAVIOR ] Run Closure @app_init [ RunTime:0.000021s ]
[ info ] [ CACHE ] INIT File
[ info ] [ BEHAVIOR ] Run Closure @app_init [ RunTime:0.002338s ]
[ info ] [ ROUTE ] array (
  'type' => 'module',
  'module' => 
  array (
    0 => 'admin',
    1 => 'index',
    2 => 'login',
  ),
)
[ info ] [ HEADER ] array (
  'cookie' => 'remember_admin_59ba36addc2b2f9401580f014c7f58ea4e30989d=eyJpdiI6ImpOZmcyXC9SNThualdPR25meHp4aURnPT0iLCJ2YWx1ZSI6Ik1tNktDZm9RWkx1SytGOGRlektxcTVEd2IzZ0s4eEF4UHNncWZJUVpQc1lHNDZvd3Q1SlkyMGlOVWhhUTU0MkNWTFFRT2o5ODM0UWxZT3BxcUlrR29oeFg5djBMQmVBN29NMGI2aXN0Z2tqMVB1STB2TTRVeUlxazFrdEpQKzU0aEx4OHNzSTZJK0puUzNsWklhc0FUTFwvMnFuSDZ0WkYyd2tJTkN4cXQ5Vnc9IiwibWFjIjoiNzg1M2UzOTRlZmY5MzA4OTFhOTU1OTAzNGJkYzAwNDRjOTJhOWYzMTJkZTVkOGVmYjBjZDYwNjMyYjZhZjFjZSJ9; PHPSESSID=2lelieohopfnlh8rhro3jmugjp; Hm_lvt_f8d0a8c400404989e195270b0bbf060a=1598277901; Hm_lpvt_f8d0a8c400404989e195270b0bbf060a=1598277901',
  'accept-language' => 'zh,zh-CN;q=0.9,zh-HK;q=0.8,zh-TW;q=0.7,en;q=0.6',
  'accept-encoding' => 'gzip, deflate, br',
  'referer' => 'http://127.0.0.1/fastadmin/public/index.php/admin/index/login.html',
  'content-type' => 'application/x-www-form-urlencoded; charset=UTF-8',
  'user-agent' => 'Mozilla/5.0 (Windows NT 10.0; WOW64) AppleWebKit/537.36 (KHTML, like Gecko) Chrome/67.0.3396.99 Safari/537.36',
  'x-requested-with' => 'XMLHttpRequest',
  'origin' => 'http://127.0.0.1',
  'accept' => 'application/json, text/javascript, */*; q=0.01',
  'content-length' => '73',
  'connection' => 'close',
  'host' => '127.0.0.1',
)
[ info ] [ PARAM ] array (
  '__token__' => '4f97d3225c9d5a7acbef7ac038370b05',
  'username' => 'admin',
  'password' => '123456',
)
[ info ] [ BEHAVIOR ] Run app\common\behavior\Common @module_init [ RunTime:0.002792s ]
[ info ] [ SESSION ] INIT array (
  'id' => '',
  'var_session_id' => '',
  'prefix' => 'think',
  'type' => '',
  'auto_start' => true,
)
[ info ] [ RUN ] app\admin\controller\Index->login[ D:\phpstudy\PHPTutorial\WWW\fastadmin\application\admin\controller\Index.php ]
[ info ] [ DB ] INIT mysql
[ info ] [ BEHAVIOR ] Run app\admin\behavior\AdminLog @app_end [ RunTime:0.067928s ]
[ info ] [ LOG ] INIT File
[ sql ] [ DB ] CONNECT:[ UseTime:0.023263s ] mysql:host=127.0.0.1;dbname=fastadmin;charset=utf8
[ sql ] [ SQL ] SHOW COLUMNS FROM `fa_admin` [ RunTime:0.043235s ]
[ sql ] [ SQL ] SELECT * FROM `fa_admin` WHERE  `username` = 'admin' LIMIT 1 [ RunTime:0.000805s ]
[ sql ] [ SQL ] UPDATE `fa_admin`  SET `logintime`=1598277916,`token`='7fa72a64-e2e9-497e-8382-e9795e4aabf7',`updatetime`=1598277916  WHERE  `id` = 1 [ RunTime:0.024287s ]
[ sql ] [ SQL ] SHOW COLUMNS FROM `fa_admin_log` [ RunTime:0.042311s ]
[ sql ] [ SQL ] INSERT INTO `fa_admin_log` (`title` , `content` , `url` , `admin_id` , `username` , `useragent` , `ip` , `createtime`) VALUES ('Login' , '{\"__token__\":\"4f97d3225c9d5a7acbef7ac038370b05\",\"username\":\"admin\"}' , '/fastadmin/public/index.php/admin/index/login.html' , 1 , 'admin' , 'Mozilla/5.0 (Windows NT 10.0; WOW64) AppleWebKit/537.36 (KHTML, like Gecko) Chrome/67.0.3396.99 Safari/537.36' , '127.0.0.1' , 1598277916) [ RunTime:0.024585s ]
---------------------------------------------------------------
[ 2020-08-24T22:05:17+08:00 ] 127.0.0.1 GET 127.0.0.1/fastadmin/public/index.php/admin/index/index
[运行时间：0.373728s] [吞吐率：2.68req/s] [内存消耗：3,279.22kb] [文件加载：85]
[ info ] [ BEHAVIOR ] Run Closure @app_init [ RunTime:0.000038s ]
[ info ] [ CACHE ] INIT File
[ info ] [ BEHAVIOR ] Run Closure @app_init [ RunTime:0.002583s ]
[ info ] [ ROUTE ] array (
  'type' => 'module',
  'module' => 
  array (
    0 => 'admin',
    1 => 'index',
    2 => 'index',
  ),
)
[ info ] [ HEADER ] array (
  'cookie' => 'remember_admin_59ba36addc2b2f9401580f014c7f58ea4e30989d=eyJpdiI6ImpOZmcyXC9SNThualdPR25meHp4aURnPT0iLCJ2YWx1ZSI6Ik1tNktDZm9RWkx1SytGOGRlektxcTVEd2IzZ0s4eEF4UHNncWZJUVpQc1lHNDZvd3Q1SlkyMGlOVWhhUTU0MkNWTFFRT2o5ODM0UWxZT3BxcUlrR29oeFg5djBMQmVBN29NMGI2aXN0Z2tqMVB1STB2TTRVeUlxazFrdEpQKzU0aEx4OHNzSTZJK0puUzNsWklhc0FUTFwvMnFuSDZ0WkYyd2tJTkN4cXQ5Vnc9IiwibWFjIjoiNzg1M2UzOTRlZmY5MzA4OTFhOTU1OTAzNGJkYzAwNDRjOTJhOWYzMTJkZTVkOGVmYjBjZDYwNjMyYjZhZjFjZSJ9; PHPSESSID=2lelieohopfnlh8rhro3jmugjp; Hm_lvt_f8d0a8c400404989e195270b0bbf060a=1598277901; Hm_lpvt_f8d0a8c400404989e195270b0bbf060a=1598277901',
  'accept-language' => 'zh,zh-CN;q=0.9,zh-HK;q=0.8,zh-TW;q=0.7,en;q=0.6',
  'accept-encoding' => 'gzip, deflate, br',
  'referer' => 'http://127.0.0.1/fastadmin/public/index.php/admin/index/login.html',
  'accept' => 'text/html,application/xhtml+xml,application/xml;q=0.9,image/webp,image/apng,*/*;q=0.8',
  'user-agent' => 'Mozilla/5.0 (Windows NT 10.0; WOW64) AppleWebKit/537.36 (KHTML, like Gecko) Chrome/67.0.3396.99 Safari/537.36',
  'upgrade-insecure-requests' => '1',
  'connection' => 'close',
  'host' => '127.0.0.1',
)
[ info ] [ PARAM ] array (
)
[ info ] [ BEHAVIOR ] Run app\common\behavior\Common @module_init [ RunTime:0.001770s ]
[ info ] [ SESSION ] INIT array (
  'id' => '',
  'var_session_id' => '',
  'prefix' => 'think',
  'type' => '',
  'auto_start' => true,
)
[ info ] [ RUN ] app\admin\controller\Index->index[ D:\phpstudy\PHPTutorial\WWW\fastadmin\application\admin\controller\Index.php ]
[ info ] [ DB ] INIT mysql
[ info ] [ VIEW ] D:\phpstudy\PHPTutorial\WWW\fastadmin\public/../application/admin\view\index\index.html [ array (
  0 => 'breadcrumb',
  1 => 'site',
  2 => 'config',
  3 => 'auth',
  4 => 'admin',
  5 => 'menulist',
  6 => 'navlist',
  7 => 'fixedmenu',
  8 => 'referermenu',
  9 => 'title',
) ]
[ info ] [ BEHAVIOR ] Run app\admin\behavior\AdminLog @app_end [ RunTime:0.000303s ]
[ info ] [ LOG ] INIT File
[ sql ] [ DB ] CONNECT:[ UseTime:0.000905s ] mysql:host=127.0.0.1;dbname=fastadmin;charset=utf8
[ sql ] [ SQL ] SHOW COLUMNS FROM `fa_auth_group_access` [ RunTime:0.024293s ]
[ sql ] [ SQL ] SELECT `aga`.`uid`,`aga`.`group_id`,`ag`.`id`,`ag`.`pid`,`ag`.`name`,`ag`.`rules` FROM `fa_auth_group_access` `aga` LEFT JOIN `fa_auth_group` `ag` ON `aga`.`group_id`=`ag`.`id` WHERE  (  aga.uid='1' and ag.status='normal' ) [ RunTime:0.001918s ]
[ sql ] [ SQL ] SHOW COLUMNS FROM `fa_auth_rule` [ RunTime:0.026985s ]
[ sql ] [ SQL ] SELECT `id`,`pid`,`condition`,`icon`,`name`,`title`,`ismenu` FROM `fa_auth_rule` WHERE  `status` = 'normal' [ RunTime:0.001071s ]
---------------------------------------------------------------
[ 2020-08-24T22:05:17+08:00 ] 127.0.0.1 GET 127.0.0.1/fastadmin/public/index.php/admin/dashboard?addtabs=1
[运行时间：0.217568s] [吞吐率：4.60req/s] [内存消耗：3,159.77kb] [文件加载：76]
[ info ] [ BEHAVIOR ] Run Closure @app_init [ RunTime:0.000050s ]
[ info ] [ CACHE ] INIT File
[ info ] [ BEHAVIOR ] Run Closure @app_init [ RunTime:0.003819s ]
[ info ] [ ROUTE ] array (
  'type' => 'module',
  'module' => 
  array (
    0 => 'admin',
    1 => 'dashboard',
    2 => NULL,
  ),
)
[ info ] [ HEADER ] array (
  'cookie' => 'remember_admin_59ba36addc2b2f9401580f014c7f58ea4e30989d=eyJpdiI6ImpOZmcyXC9SNThualdPR25meHp4aURnPT0iLCJ2YWx1ZSI6Ik1tNktDZm9RWkx1SytGOGRlektxcTVEd2IzZ0s4eEF4UHNncWZJUVpQc1lHNDZvd3Q1SlkyMGlOVWhhUTU0MkNWTFFRT2o5ODM0UWxZT3BxcUlrR29oeFg5djBMQmVBN29NMGI2aXN0Z2tqMVB1STB2TTRVeUlxazFrdEpQKzU0aEx4OHNzSTZJK0puUzNsWklhc0FUTFwvMnFuSDZ0WkYyd2tJTkN4cXQ5Vnc9IiwibWFjIjoiNzg1M2UzOTRlZmY5MzA4OTFhOTU1OTAzNGJkYzAwNDRjOTJhOWYzMTJkZTVkOGVmYjBjZDYwNjMyYjZhZjFjZSJ9; PHPSESSID=2lelieohopfnlh8rhro3jmugjp; Hm_lvt_f8d0a8c400404989e195270b0bbf060a=1598277901; Hm_lpvt_f8d0a8c400404989e195270b0bbf060a=1598277901',
  'accept-language' => 'zh,zh-CN;q=0.9,zh-HK;q=0.8,zh-TW;q=0.7,en;q=0.6',
  'accept-encoding' => 'gzip, deflate, br',
  'referer' => 'http://127.0.0.1/fastadmin/public/index.php/admin/index/index',
  'accept' => 'text/html,application/xhtml+xml,application/xml;q=0.9,image/webp,image/apng,*/*;q=0.8',
  'user-agent' => 'Mozilla/5.0 (Windows NT 10.0; WOW64) AppleWebKit/537.36 (KHTML, like Gecko) Chrome/67.0.3396.99 Safari/537.36',
  'upgrade-insecure-requests' => '1',
  'connection' => 'close',
  'host' => '127.0.0.1',
)
[ info ] [ PARAM ] array (
  'addtabs' => '1',
)
[ info ] [ BEHAVIOR ] Run app\common\behavior\Common @module_init [ RunTime:0.004367s ]
[ info ] [ SESSION ] INIT array (
  'id' => '',
  'var_session_id' => '',
  'prefix' => 'think',
  'type' => '',
  'auto_start' => true,
)
[ info ] [ DB ] INIT mysql
[ info ] [ RUN ] app\admin\controller\Dashboard->index[ D:\phpstudy\PHPTutorial\WWW\fastadmin\application\admin\controller\Dashboard.php ]
[ info ] [ VIEW ] D:\phpstudy\PHPTutorial\WWW\fastadmin\public/../application/admin\view\dashboard\index.html [ array (
  0 => 'breadcrumb',
  1 => 'site',
  2 => 'config',
  3 => 'auth',
  4 => 'admin',
  5 => 'totaluser',
  6 => 'totalviews',
  7 => 'totalorder',
  8 => 'totalorderamount',
  9 => 'todayuserlogin',
  10 => 'todayusersignup',
  11 => 'todayorder',
  12 => 'unsettleorder',
  13 => 'sevendnu',
  14 => 'sevendau',
  15 => 'paylist',
  16 => 'createlist',
  17 => 'addonversion',
  18 => 'uploadmode',
) ]
[ info ] [ BEHAVIOR ] Run app\admin\behavior\AdminLog @app_end [ RunTime:0.000451s ]
[ info ] [ LOG ] INIT File
[ sql ] [ DB ] CONNECT:[ UseTime:0.001027s ] mysql:host=127.0.0.1;dbname=fastadmin;charset=utf8
[ sql ] [ SQL ] SHOW COLUMNS FROM `fa_auth_group_access` [ RunTime:0.026525s ]
[ sql ] [ SQL ] SELECT `aga`.`uid`,`aga`.`group_id`,`ag`.`id`,`ag`.`pid`,`ag`.`name`,`ag`.`rules` FROM `fa_auth_group_access` `aga` LEFT JOIN `fa_auth_group` `ag` ON `aga`.`group_id`=`ag`.`id` WHERE  (  aga.uid='1' and ag.status='normal' ) [ RunTime:0.000765s ]
[ sql ] [ SQL ] SHOW COLUMNS FROM `fa_auth_rule` [ RunTime:0.017889s ]
[ sql ] [ SQL ] SELECT `id`,`pid`,`condition`,`icon`,`name`,`title`,`ismenu` FROM `fa_auth_rule` WHERE  `status` = 'normal' [ RunTime:0.002162s ]
[ sql ] [ SQL ] SELECT `title`,`remark` FROM `fa_auth_rule` WHERE  `name` = 'dashboard' LIMIT 1 [ RunTime:0.000778s ]
---------------------------------------------------------------
[ 2020-08-24T22:05:17+08:00 ] 127.0.0.1 GET 127.0.0.1/fastadmin/public/assets/css/fastadmin.css.map
[运行时间：0.061383s] [吞吐率：16.29req/s] [内存消耗：1,397.20kb] [文件加载：48]
[ info ] [ BEHAVIOR ] Run Closure @app_init [ RunTime:0.000042s ]
[ info ] [ CACHE ] INIT File
[ info ] [ BEHAVIOR ] Run Closure @app_init [ RunTime:0.004683s ]
[ info ] [ ROUTE ] array (
  'type' => 'module',
  'module' => 
  array (
    0 => 'assets',
    1 => 'css',
    2 => 'fastadmin.css.map',
  ),
)
[ info ] [ HEADER ] array (
  'cookie' => 'remember_admin_59ba36addc2b2f9401580f014c7f58ea4e30989d=eyJpdiI6ImpOZmcyXC9SNThualdPR25meHp4aURnPT0iLCJ2YWx1ZSI6Ik1tNktDZm9RWkx1SytGOGRlektxcTVEd2IzZ0s4eEF4UHNncWZJUVpQc1lHNDZvd3Q1SlkyMGlOVWhhUTU0MkNWTFFRT2o5ODM0UWxZT3BxcUlrR29oeFg5djBMQmVBN29NMGI2aXN0Z2tqMVB1STB2TTRVeUlxazFrdEpQKzU0aEx4OHNzSTZJK0puUzNsWklhc0FUTFwvMnFuSDZ0WkYyd2tJTkN4cXQ5Vnc9IiwibWFjIjoiNzg1M2UzOTRlZmY5MzA4OTFhOTU1OTAzNGJkYzAwNDRjOTJhOWYzMTJkZTVkOGVmYjBjZDYwNjMyYjZhZjFjZSJ9; PHPSESSID=2lelieohopfnlh8rhro3jmugjp; Hm_lvt_f8d0a8c400404989e195270b0bbf060a=1598277901; Hm_lpvt_f8d0a8c400404989e195270b0bbf060a=1598277901',
  'accept-language' => 'zh,zh-CN;q=0.9,zh-HK;q=0.8,zh-TW;q=0.7,en;q=0.6',
  'accept-encoding' => 'gzip, deflate, br',
  'user-agent' => 'Mozilla/5.0 (Windows NT 10.0; WOW64) AppleWebKit/537.36 (KHTML, like Gecko) Chrome/67.0.3396.99 Safari/537.36',
  'connection' => 'close',
  'host' => '127.0.0.1',
)
[ info ] [ PARAM ] array (
)
[ info ] [ LOG ] INIT File
---------------------------------------------------------------
[ 2020-08-24T22:05:17+08:00 ] 127.0.0.1 GET 127.0.0.1/fastadmin/public/assets/css/backend.css.map
[运行时间：0.068336s] [吞吐率：14.63req/s] [内存消耗：1,397.16kb] [文件加载：48]
[ info ] [ BEHAVIOR ] Run Closure @app_init [ RunTime:0.000049s ]
[ info ] [ CACHE ] INIT File
[ info ] [ BEHAVIOR ] Run Closure @app_init [ RunTime:0.003237s ]
[ info ] [ ROUTE ] array (
  'type' => 'module',
  'module' => 
  array (
    0 => 'assets',
    1 => 'css',
    2 => 'backend.css.map',
  ),
)
[ info ] [ HEADER ] array (
  'cookie' => 'remember_admin_59ba36addc2b2f9401580f014c7f58ea4e30989d=eyJpdiI6ImpOZmcyXC9SNThualdPR25meHp4aURnPT0iLCJ2YWx1ZSI6Ik1tNktDZm9RWkx1SytGOGRlektxcTVEd2IzZ0s4eEF4UHNncWZJUVpQc1lHNDZvd3Q1SlkyMGlOVWhhUTU0MkNWTFFRT2o5ODM0UWxZT3BxcUlrR29oeFg5djBMQmVBN29NMGI2aXN0Z2tqMVB1STB2TTRVeUlxazFrdEpQKzU0aEx4OHNzSTZJK0puUzNsWklhc0FUTFwvMnFuSDZ0WkYyd2tJTkN4cXQ5Vnc9IiwibWFjIjoiNzg1M2UzOTRlZmY5MzA4OTFhOTU1OTAzNGJkYzAwNDRjOTJhOWYzMTJkZTVkOGVmYjBjZDYwNjMyYjZhZjFjZSJ9; PHPSESSID=2lelieohopfnlh8rhro3jmugjp; Hm_lvt_f8d0a8c400404989e195270b0bbf060a=1598277901; Hm_lpvt_f8d0a8c400404989e195270b0bbf060a=1598277901',
  'accept-language' => 'zh,zh-CN;q=0.9,zh-HK;q=0.8,zh-TW;q=0.7,en;q=0.6',
  'accept-encoding' => 'gzip, deflate, br',
  'user-agent' => 'Mozilla/5.0 (Windows NT 10.0; WOW64) AppleWebKit/537.36 (KHTML, like Gecko) Chrome/67.0.3396.99 Safari/537.36',
  'connection' => 'close',
  'host' => '127.0.0.1',
)
[ info ] [ PARAM ] array (
)
[ info ] [ LOG ] INIT File
---------------------------------------------------------------
[ 2020-08-24T22:05:17+08:00 ] 127.0.0.1 GET 127.0.0.1/fastadmin/public/assets/css/backend.css.map
[运行时间：0.048974s] [吞吐率：20.42req/s] [内存消耗：1,397.16kb] [文件加载：48]
[ info ] [ BEHAVIOR ] Run Closure @app_init [ RunTime:0.000061s ]
[ info ] [ CACHE ] INIT File
[ info ] [ BEHAVIOR ] Run Closure @app_init [ RunTime:0.003435s ]
[ info ] [ ROUTE ] array (
  'type' => 'module',
  'module' => 
  array (
    0 => 'assets',
    1 => 'css',
    2 => 'backend.css.map',
  ),
)
[ info ] [ HEADER ] array (
  'cookie' => 'remember_admin_59ba36addc2b2f9401580f014c7f58ea4e30989d=eyJpdiI6ImpOZmcyXC9SNThualdPR25meHp4aURnPT0iLCJ2YWx1ZSI6Ik1tNktDZm9RWkx1SytGOGRlektxcTVEd2IzZ0s4eEF4UHNncWZJUVpQc1lHNDZvd3Q1SlkyMGlOVWhhUTU0MkNWTFFRT2o5ODM0UWxZT3BxcUlrR29oeFg5djBMQmVBN29NMGI2aXN0Z2tqMVB1STB2TTRVeUlxazFrdEpQKzU0aEx4OHNzSTZJK0puUzNsWklhc0FUTFwvMnFuSDZ0WkYyd2tJTkN4cXQ5Vnc9IiwibWFjIjoiNzg1M2UzOTRlZmY5MzA4OTFhOTU1OTAzNGJkYzAwNDRjOTJhOWYzMTJkZTVkOGVmYjBjZDYwNjMyYjZhZjFjZSJ9; PHPSESSID=2lelieohopfnlh8rhro3jmugjp; Hm_lvt_f8d0a8c400404989e195270b0bbf060a=1598277901; Hm_lpvt_f8d0a8c400404989e195270b0bbf060a=1598277901',
  'accept-language' => 'zh,zh-CN;q=0.9,zh-HK;q=0.8,zh-TW;q=0.7,en;q=0.6',
  'accept-encoding' => 'gzip, deflate, br',
  'user-agent' => 'Mozilla/5.0 (Windows NT 10.0; WOW64) AppleWebKit/537.36 (KHTML, like Gecko) Chrome/67.0.3396.99 Safari/537.36',
  'connection' => 'close',
  'host' => '127.0.0.1',
)
[ info ] [ PARAM ] array (
)
[ info ] [ LOG ] INIT File
---------------------------------------------------------------
[ 2020-08-24T22:05:17+08:00 ] 127.0.0.1 GET 127.0.0.1/fastadmin/public/assets/css/fastadmin.css.map
[运行时间：0.050144s] [吞吐率：19.94req/s] [内存消耗：1,397.20kb] [文件加载：48]
[ info ] [ BEHAVIOR ] Run Closure @app_init [ RunTime:0.000031s ]
[ info ] [ CACHE ] INIT File
[ info ] [ BEHAVIOR ] Run Closure @app_init [ RunTime:0.004678s ]
[ info ] [ ROUTE ] array (
  'type' => 'module',
  'module' => 
  array (
    0 => 'assets',
    1 => 'css',
    2 => 'fastadmin.css.map',
  ),
)
[ info ] [ HEADER ] array (
  'cookie' => 'remember_admin_59ba36addc2b2f9401580f014c7f58ea4e30989d=eyJpdiI6ImpOZmcyXC9SNThualdPR25meHp4aURnPT0iLCJ2YWx1ZSI6Ik1tNktDZm9RWkx1SytGOGRlektxcTVEd2IzZ0s4eEF4UHNncWZJUVpQc1lHNDZvd3Q1SlkyMGlOVWhhUTU0MkNWTFFRT2o5ODM0UWxZT3BxcUlrR29oeFg5djBMQmVBN29NMGI2aXN0Z2tqMVB1STB2TTRVeUlxazFrdEpQKzU0aEx4OHNzSTZJK0puUzNsWklhc0FUTFwvMnFuSDZ0WkYyd2tJTkN4cXQ5Vnc9IiwibWFjIjoiNzg1M2UzOTRlZmY5MzA4OTFhOTU1OTAzNGJkYzAwNDRjOTJhOWYzMTJkZTVkOGVmYjBjZDYwNjMyYjZhZjFjZSJ9; PHPSESSID=2lelieohopfnlh8rhro3jmugjp; Hm_lvt_f8d0a8c400404989e195270b0bbf060a=1598277901; Hm_lpvt_f8d0a8c400404989e195270b0bbf060a=1598277901',
  'accept-language' => 'zh,zh-CN;q=0.9,zh-HK;q=0.8,zh-TW;q=0.7,en;q=0.6',
  'accept-encoding' => 'gzip, deflate, br',
  'user-agent' => 'Mozilla/5.0 (Windows NT 10.0; WOW64) AppleWebKit/537.36 (KHTML, like Gecko) Chrome/67.0.3396.99 Safari/537.36',
  'connection' => 'close',
  'host' => '127.0.0.1',
)
[ info ] [ PARAM ] array (
)
[ info ] [ LOG ] INIT File
---------------------------------------------------------------
[ 2020-08-24T22:05:18+08:00 ] 127.0.0.1 GET 127.0.0.1/fastadmin/public/index.php/admin/ajax/lang?callback=define&controllername=index&v=1598277916
[运行时间：0.113061s] [吞吐率：8.84req/s] [内存消耗：2,326.27kb] [文件加载：66]
[ info ] [ BEHAVIOR ] Run Closure @app_init [ RunTime:0.000029s ]
[ info ] [ CACHE ] INIT File
[ info ] [ BEHAVIOR ] Run Closure @app_init [ RunTime:0.014734s ]
[ info ] [ ROUTE ] array (
  'type' => 'module',
  'module' => 
  array (
    0 => 'admin',
    1 => 'ajax',
    2 => 'lang',
  ),
)
[ info ] [ HEADER ] array (
  'cookie' => 'remember_admin_59ba36addc2b2f9401580f014c7f58ea4e30989d=eyJpdiI6ImpOZmcyXC9SNThualdPR25meHp4aURnPT0iLCJ2YWx1ZSI6Ik1tNktDZm9RWkx1SytGOGRlektxcTVEd2IzZ0s4eEF4UHNncWZJUVpQc1lHNDZvd3Q1SlkyMGlOVWhhUTU0MkNWTFFRT2o5ODM0UWxZT3BxcUlrR29oeFg5djBMQmVBN29NMGI2aXN0Z2tqMVB1STB2TTRVeUlxazFrdEpQKzU0aEx4OHNzSTZJK0puUzNsWklhc0FUTFwvMnFuSDZ0WkYyd2tJTkN4cXQ5Vnc9IiwibWFjIjoiNzg1M2UzOTRlZmY5MzA4OTFhOTU1OTAzNGJkYzAwNDRjOTJhOWYzMTJkZTVkOGVmYjBjZDYwNjMyYjZhZjFjZSJ9; PHPSESSID=2lelieohopfnlh8rhro3jmugjp; Hm_lvt_f8d0a8c400404989e195270b0bbf060a=1598277901; Hm_lpvt_f8d0a8c400404989e195270b0bbf060a=1598277901',
  'accept-language' => 'zh,zh-CN;q=0.9,zh-HK;q=0.8,zh-TW;q=0.7,en;q=0.6',
  'accept-encoding' => 'gzip, deflate, br',
  'referer' => 'http://127.0.0.1/fastadmin/public/index.php/admin/index/index',
  'accept' => '*/*',
  'user-agent' => 'Mozilla/5.0 (Windows NT 10.0; WOW64) AppleWebKit/537.36 (KHTML, like Gecko) Chrome/67.0.3396.99 Safari/537.36',
  'connection' => 'close',
  'host' => '127.0.0.1',
)
[ info ] [ PARAM ] array (
  'callback' => 'define',
  'controllername' => 'index',
  'v' => '1598277916',
)
[ info ] [ BEHAVIOR ] Run app\common\behavior\Common @module_init [ RunTime:0.008811s ]
[ info ] [ SESSION ] INIT array (
  'id' => '',
  'var_session_id' => '',
  'prefix' => 'think',
  'type' => '',
  'auto_start' => true,
)
[ info ] [ RUN ] app\admin\controller\Ajax->lang[ D:\phpstudy\PHPTutorial\WWW\fastadmin\application\admin\controller\Ajax.php ]
[ info ] [ BEHAVIOR ] Run app\admin\behavior\AdminLog @app_end [ RunTime:0.000563s ]
[ info ] [ LOG ] INIT File
---------------------------------------------------------------
[ 2020-08-24T22:05:18+08:00 ] 127.0.0.1 GET 127.0.0.1/fastadmin/public/index.php/admin/ajax/lang?callback=define&controllername=dashboard&v=1598277917
[运行时间：0.107044s] [吞吐率：9.34req/s] [内存消耗：2,326.38kb] [文件加载：66]
[ info ] [ BEHAVIOR ] Run Closure @app_init [ RunTime:0.000033s ]
[ info ] [ CACHE ] INIT File
[ info ] [ BEHAVIOR ] Run Closure @app_init [ RunTime:0.004020s ]
[ info ] [ ROUTE ] array (
  'type' => 'module',
  'module' => 
  array (
    0 => 'admin',
    1 => 'ajax',
    2 => 'lang',
  ),
)
[ info ] [ HEADER ] array (
  'cookie' => 'remember_admin_59ba36addc2b2f9401580f014c7f58ea4e30989d=eyJpdiI6ImpOZmcyXC9SNThualdPR25meHp4aURnPT0iLCJ2YWx1ZSI6Ik1tNktDZm9RWkx1SytGOGRlektxcTVEd2IzZ0s4eEF4UHNncWZJUVpQc1lHNDZvd3Q1SlkyMGlOVWhhUTU0MkNWTFFRT2o5ODM0UWxZT3BxcUlrR29oeFg5djBMQmVBN29NMGI2aXN0Z2tqMVB1STB2TTRVeUlxazFrdEpQKzU0aEx4OHNzSTZJK0puUzNsWklhc0FUTFwvMnFuSDZ0WkYyd2tJTkN4cXQ5Vnc9IiwibWFjIjoiNzg1M2UzOTRlZmY5MzA4OTFhOTU1OTAzNGJkYzAwNDRjOTJhOWYzMTJkZTVkOGVmYjBjZDYwNjMyYjZhZjFjZSJ9; PHPSESSID=2lelieohopfnlh8rhro3jmugjp; Hm_lvt_f8d0a8c400404989e195270b0bbf060a=1598277901; Hm_lpvt_f8d0a8c400404989e195270b0bbf060a=1598277901',
  'accept-language' => 'zh,zh-CN;q=0.9,zh-HK;q=0.8,zh-TW;q=0.7,en;q=0.6',
  'accept-encoding' => 'gzip, deflate, br',
  'referer' => 'http://127.0.0.1/fastadmin/public/index.php/admin/dashboard?addtabs=1',
  'accept' => '*/*',
  'user-agent' => 'Mozilla/5.0 (Windows NT 10.0; WOW64) AppleWebKit/537.36 (KHTML, like Gecko) Chrome/67.0.3396.99 Safari/537.36',
  'connection' => 'close',
  'host' => '127.0.0.1',
)
[ info ] [ PARAM ] array (
  'callback' => 'define',
  'controllername' => 'dashboard',
  'v' => '1598277917',
)
[ info ] [ BEHAVIOR ] Run app\common\behavior\Common @module_init [ RunTime:0.006599s ]
[ info ] [ SESSION ] INIT array (
  'id' => '',
  'var_session_id' => '',
  'prefix' => 'think',
  'type' => '',
  'auto_start' => true,
)
[ info ] [ RUN ] app\admin\controller\Ajax->lang[ D:\phpstudy\PHPTutorial\WWW\fastadmin\application\admin\controller\Ajax.php ]
[ info ] [ BEHAVIOR ] Run app\admin\behavior\AdminLog @app_end [ RunTime:0.000969s ]
[ info ] [ LOG ] INIT File
---------------------------------------------------------------
[ 2020-08-24T22:05:18+08:00 ] 127.0.0.1 GET 127.0.0.1/fastadmin/public/assets/css/skins/skin-green.css.map
[运行时间：0.055913s] [吞吐率：17.88req/s] [内存消耗：1,397.23kb] [文件加载：48]
[ info ] [ BEHAVIOR ] Run Closure @app_init [ RunTime:0.000037s ]
[ info ] [ CACHE ] INIT File
[ info ] [ BEHAVIOR ] Run Closure @app_init [ RunTime:0.009043s ]
[ info ] [ ROUTE ] array (
  'type' => 'module',
  'module' => 
  array (
    0 => 'assets',
    1 => 'css',
    2 => 'skins',
  ),
)
[ info ] [ HEADER ] array (
  'cookie' => 'remember_admin_59ba36addc2b2f9401580f014c7f58ea4e30989d=eyJpdiI6ImpOZmcyXC9SNThualdPR25meHp4aURnPT0iLCJ2YWx1ZSI6Ik1tNktDZm9RWkx1SytGOGRlektxcTVEd2IzZ0s4eEF4UHNncWZJUVpQc1lHNDZvd3Q1SlkyMGlOVWhhUTU0MkNWTFFRT2o5ODM0UWxZT3BxcUlrR29oeFg5djBMQmVBN29NMGI2aXN0Z2tqMVB1STB2TTRVeUlxazFrdEpQKzU0aEx4OHNzSTZJK0puUzNsWklhc0FUTFwvMnFuSDZ0WkYyd2tJTkN4cXQ5Vnc9IiwibWFjIjoiNzg1M2UzOTRlZmY5MzA4OTFhOTU1OTAzNGJkYzAwNDRjOTJhOWYzMTJkZTVkOGVmYjBjZDYwNjMyYjZhZjFjZSJ9; PHPSESSID=2lelieohopfnlh8rhro3jmugjp; Hm_lvt_f8d0a8c400404989e195270b0bbf060a=1598277901; Hm_lpvt_f8d0a8c400404989e195270b0bbf060a=1598277901',
  'accept-language' => 'zh,zh-CN;q=0.9,zh-HK;q=0.8,zh-TW;q=0.7,en;q=0.6',
  'accept-encoding' => 'gzip, deflate, br',
  'user-agent' => 'Mozilla/5.0 (Windows NT 10.0; WOW64) AppleWebKit/537.36 (KHTML, like Gecko) Chrome/67.0.3396.99 Safari/537.36',
  'connection' => 'close',
  'host' => '127.0.0.1',
)
[ info ] [ PARAM ] array (
)
[ info ] [ LOG ] INIT File
---------------------------------------------------------------
[ 2020-08-24T22:05:18+08:00 ] 127.0.0.1 GET 127.0.0.1/fastadmin/public/assets/css/bootstrap.css.map
[运行时间：0.055557s] [吞吐率：18.00req/s] [内存消耗：1,397.20kb] [文件加载：48]
[ info ] [ BEHAVIOR ] Run Closure @app_init [ RunTime:0.000042s ]
[ info ] [ CACHE ] INIT File
[ info ] [ BEHAVIOR ] Run Closure @app_init [ RunTime:0.005586s ]
[ info ] [ ROUTE ] array (
  'type' => 'module',
  'module' => 
  array (
    0 => 'assets',
    1 => 'css',
    2 => 'bootstrap.css.map',
  ),
)
[ info ] [ HEADER ] array (
  'cookie' => 'remember_admin_59ba36addc2b2f9401580f014c7f58ea4e30989d=eyJpdiI6ImpOZmcyXC9SNThualdPR25meHp4aURnPT0iLCJ2YWx1ZSI6Ik1tNktDZm9RWkx1SytGOGRlektxcTVEd2IzZ0s4eEF4UHNncWZJUVpQc1lHNDZvd3Q1SlkyMGlOVWhhUTU0MkNWTFFRT2o5ODM0UWxZT3BxcUlrR29oeFg5djBMQmVBN29NMGI2aXN0Z2tqMVB1STB2TTRVeUlxazFrdEpQKzU0aEx4OHNzSTZJK0puUzNsWklhc0FUTFwvMnFuSDZ0WkYyd2tJTkN4cXQ5Vnc9IiwibWFjIjoiNzg1M2UzOTRlZmY5MzA4OTFhOTU1OTAzNGJkYzAwNDRjOTJhOWYzMTJkZTVkOGVmYjBjZDYwNjMyYjZhZjFjZSJ9; PHPSESSID=2lelieohopfnlh8rhro3jmugjp; Hm_lvt_f8d0a8c400404989e195270b0bbf060a=1598277901; Hm_lpvt_f8d0a8c400404989e195270b0bbf060a=1598277901',
  'accept-language' => 'zh,zh-CN;q=0.9,zh-HK;q=0.8,zh-TW;q=0.7,en;q=0.6',
  'accept-encoding' => 'gzip, deflate, br',
  'user-agent' => 'Mozilla/5.0 (Windows NT 10.0; WOW64) AppleWebKit/537.36 (KHTML, like Gecko) Chrome/67.0.3396.99 Safari/537.36',
  'connection' => 'close',
  'host' => '127.0.0.1',
)
[ info ] [ PARAM ] array (
)
[ info ] [ LOG ] INIT File
---------------------------------------------------------------
[ 2020-08-24T22:05:23+08:00 ] 127.0.0.1 GET 127.0.0.1/fastadmin/public/index.php/admin/mydir/categorypage?addtabs=1
[运行时间：0.235535s] [吞吐率：4.25req/s] [内存消耗：3,085.94kb] [文件加载：75]
[ info ] [ BEHAVIOR ] Run Closure @app_init [ RunTime:0.000031s ]
[ info ] [ CACHE ] INIT File
[ info ] [ BEHAVIOR ] Run Closure @app_init [ RunTime:0.003184s ]
[ info ] [ ROUTE ] array (
  'type' => 'module',
  'module' => 
  array (
    0 => 'admin',
    1 => 'mydir.categorypage',
    2 => NULL,
  ),
)
[ info ] [ HEADER ] array (
  'cookie' => 'remember_admin_59ba36addc2b2f9401580f014c7f58ea4e30989d=eyJpdiI6ImpOZmcyXC9SNThualdPR25meHp4aURnPT0iLCJ2YWx1ZSI6Ik1tNktDZm9RWkx1SytGOGRlektxcTVEd2IzZ0s4eEF4UHNncWZJUVpQc1lHNDZvd3Q1SlkyMGlOVWhhUTU0MkNWTFFRT2o5ODM0UWxZT3BxcUlrR29oeFg5djBMQmVBN29NMGI2aXN0Z2tqMVB1STB2TTRVeUlxazFrdEpQKzU0aEx4OHNzSTZJK0puUzNsWklhc0FUTFwvMnFuSDZ0WkYyd2tJTkN4cXQ5Vnc9IiwibWFjIjoiNzg1M2UzOTRlZmY5MzA4OTFhOTU1OTAzNGJkYzAwNDRjOTJhOWYzMTJkZTVkOGVmYjBjZDYwNjMyYjZhZjFjZSJ9; PHPSESSID=2lelieohopfnlh8rhro3jmugjp; Hm_lvt_f8d0a8c400404989e195270b0bbf060a=1598277901; Hm_lpvt_f8d0a8c400404989e195270b0bbf060a=1598277901',
  'accept-language' => 'zh,zh-CN;q=0.9,zh-HK;q=0.8,zh-TW;q=0.7,en;q=0.6',
  'accept-encoding' => 'gzip, deflate, br',
  'referer' => 'http://127.0.0.1/fastadmin/public/index.php/admin/mydir/categorypage?ref=addtabs',
  'accept' => 'text/html,application/xhtml+xml,application/xml;q=0.9,image/webp,image/apng,*/*;q=0.8',
  'user-agent' => 'Mozilla/5.0 (Windows NT 10.0; WOW64) AppleWebKit/537.36 (KHTML, like Gecko) Chrome/67.0.3396.99 Safari/537.36',
  'upgrade-insecure-requests' => '1',
  'connection' => 'close',
  'host' => '127.0.0.1',
)
[ info ] [ PARAM ] array (
  'addtabs' => '1',
)
[ info ] [ BEHAVIOR ] Run app\common\behavior\Common @module_init [ RunTime:0.003953s ]
[ info ] [ SESSION ] INIT array (
  'id' => '',
  'var_session_id' => '',
  'prefix' => 'think',
  'type' => '',
  'auto_start' => true,
)
[ info ] [ DB ] INIT mysql
[ info ] [ RUN ] app\common\controller\Backend->index[ D:\phpstudy\PHPTutorial\WWW\fastadmin\application\admin\library\traits\Backend.php ]
[ info ] [ VIEW ] D:\phpstudy\PHPTutorial\WWW\fastadmin\public/../application/admin\view\mydir\categorypage\index.html [ array (
  0 => 'breadcrumb',
  1 => 'site',
  2 => 'config',
  3 => 'auth',
  4 => 'admin',
) ]
[ info ] [ BEHAVIOR ] Run app\admin\behavior\AdminLog @app_end [ RunTime:0.000297s ]
[ info ] [ LOG ] INIT File
[ sql ] [ DB ] CONNECT:[ UseTime:0.000724s ] mysql:host=127.0.0.1;dbname=fastadmin;charset=utf8
[ sql ] [ SQL ] SHOW COLUMNS FROM `fa_auth_group_access` [ RunTime:0.021352s ]
[ sql ] [ SQL ] SELECT `aga`.`uid`,`aga`.`group_id`,`ag`.`id`,`ag`.`pid`,`ag`.`name`,`ag`.`rules` FROM `fa_auth_group_access` `aga` LEFT JOIN `fa_auth_group` `ag` ON `aga`.`group_id`=`ag`.`id` WHERE  (  aga.uid='1' and ag.status='normal' ) [ RunTime:0.000510s ]
[ sql ] [ SQL ] SHOW COLUMNS FROM `fa_auth_rule` [ RunTime:0.013202s ]
[ sql ] [ SQL ] SELECT `id`,`pid`,`condition`,`icon`,`name`,`title`,`ismenu` FROM `fa_auth_rule` WHERE  `status` = 'normal' [ RunTime:0.000985s ]
[ sql ] [ SQL ] SELECT `title`,`remark` FROM `fa_auth_rule` WHERE  `name` = 'mydir/categorypage' LIMIT 1 [ RunTime:0.000573s ]
---------------------------------------------------------------
[ 2020-08-24T22:05:23+08:00 ] 127.0.0.1 GET 127.0.0.1/fastadmin/public/assets/css/bootstrap.css.map
[运行时间：0.062063s] [吞吐率：16.11req/s] [内存消耗：1,397.20kb] [文件加载：48]
[ info ] [ BEHAVIOR ] Run Closure @app_init [ RunTime:0.000035s ]
[ info ] [ CACHE ] INIT File
[ info ] [ BEHAVIOR ] Run Closure @app_init [ RunTime:0.003838s ]
[ info ] [ ROUTE ] array (
  'type' => 'module',
  'module' => 
  array (
    0 => 'assets',
    1 => 'css',
    2 => 'bootstrap.css.map',
  ),
)
[ info ] [ HEADER ] array (
  'cookie' => 'remember_admin_59ba36addc2b2f9401580f014c7f58ea4e30989d=eyJpdiI6ImpOZmcyXC9SNThualdPR25meHp4aURnPT0iLCJ2YWx1ZSI6Ik1tNktDZm9RWkx1SytGOGRlektxcTVEd2IzZ0s4eEF4UHNncWZJUVpQc1lHNDZvd3Q1SlkyMGlOVWhhUTU0MkNWTFFRT2o5ODM0UWxZT3BxcUlrR29oeFg5djBMQmVBN29NMGI2aXN0Z2tqMVB1STB2TTRVeUlxazFrdEpQKzU0aEx4OHNzSTZJK0puUzNsWklhc0FUTFwvMnFuSDZ0WkYyd2tJTkN4cXQ5Vnc9IiwibWFjIjoiNzg1M2UzOTRlZmY5MzA4OTFhOTU1OTAzNGJkYzAwNDRjOTJhOWYzMTJkZTVkOGVmYjBjZDYwNjMyYjZhZjFjZSJ9; PHPSESSID=2lelieohopfnlh8rhro3jmugjp; Hm_lvt_f8d0a8c400404989e195270b0bbf060a=1598277901; Hm_lpvt_f8d0a8c400404989e195270b0bbf060a=1598277901',
  'accept-language' => 'zh,zh-CN;q=0.9,zh-HK;q=0.8,zh-TW;q=0.7,en;q=0.6',
  'accept-encoding' => 'gzip, deflate, br',
  'user-agent' => 'Mozilla/5.0 (Windows NT 10.0; WOW64) AppleWebKit/537.36 (KHTML, like Gecko) Chrome/67.0.3396.99 Safari/537.36',
  'connection' => 'close',
  'host' => '127.0.0.1',
)
[ info ] [ PARAM ] array (
)
[ info ] [ LOG ] INIT File
---------------------------------------------------------------
[ 2020-08-24T22:05:23+08:00 ] 127.0.0.1 GET 127.0.0.1/fastadmin/public/assets/css/fastadmin.css.map
[运行时间：0.059579s] [吞吐率：16.78req/s] [内存消耗：1,397.20kb] [文件加载：48]
[ info ] [ BEHAVIOR ] Run Closure @app_init [ RunTime:0.000034s ]
[ info ] [ CACHE ] INIT File
[ info ] [ BEHAVIOR ] Run Closure @app_init [ RunTime:0.004654s ]
[ info ] [ ROUTE ] array (
  'type' => 'module',
  'module' => 
  array (
    0 => 'assets',
    1 => 'css',
    2 => 'fastadmin.css.map',
  ),
)
[ info ] [ HEADER ] array (
  'cookie' => 'remember_admin_59ba36addc2b2f9401580f014c7f58ea4e30989d=eyJpdiI6ImpOZmcyXC9SNThualdPR25meHp4aURnPT0iLCJ2YWx1ZSI6Ik1tNktDZm9RWkx1SytGOGRlektxcTVEd2IzZ0s4eEF4UHNncWZJUVpQc1lHNDZvd3Q1SlkyMGlOVWhhUTU0MkNWTFFRT2o5ODM0UWxZT3BxcUlrR29oeFg5djBMQmVBN29NMGI2aXN0Z2tqMVB1STB2TTRVeUlxazFrdEpQKzU0aEx4OHNzSTZJK0puUzNsWklhc0FUTFwvMnFuSDZ0WkYyd2tJTkN4cXQ5Vnc9IiwibWFjIjoiNzg1M2UzOTRlZmY5MzA4OTFhOTU1OTAzNGJkYzAwNDRjOTJhOWYzMTJkZTVkOGVmYjBjZDYwNjMyYjZhZjFjZSJ9; PHPSESSID=2lelieohopfnlh8rhro3jmugjp; Hm_lvt_f8d0a8c400404989e195270b0bbf060a=1598277901; Hm_lpvt_f8d0a8c400404989e195270b0bbf060a=1598277901',
  'accept-language' => 'zh,zh-CN;q=0.9,zh-HK;q=0.8,zh-TW;q=0.7,en;q=0.6',
  'accept-encoding' => 'gzip, deflate, br',
  'user-agent' => 'Mozilla/5.0 (Windows NT 10.0; WOW64) AppleWebKit/537.36 (KHTML, like Gecko) Chrome/67.0.3396.99 Safari/537.36',
  'connection' => 'close',
  'host' => '127.0.0.1',
)
[ info ] [ PARAM ] array (
)
[ info ] [ LOG ] INIT File
---------------------------------------------------------------
[ 2020-08-24T22:05:23+08:00 ] 127.0.0.1 GET 127.0.0.1/fastadmin/public/assets/css/backend.css.map
[运行时间：0.064478s] [吞吐率：15.51req/s] [内存消耗：1,397.16kb] [文件加载：48]
[ info ] [ BEHAVIOR ] Run Closure @app_init [ RunTime:0.000031s ]
[ info ] [ CACHE ] INIT File
[ info ] [ BEHAVIOR ] Run Closure @app_init [ RunTime:0.003643s ]
[ info ] [ ROUTE ] array (
  'type' => 'module',
  'module' => 
  array (
    0 => 'assets',
    1 => 'css',
    2 => 'backend.css.map',
  ),
)
[ info ] [ HEADER ] array (
  'cookie' => 'remember_admin_59ba36addc2b2f9401580f014c7f58ea4e30989d=eyJpdiI6ImpOZmcyXC9SNThualdPR25meHp4aURnPT0iLCJ2YWx1ZSI6Ik1tNktDZm9RWkx1SytGOGRlektxcTVEd2IzZ0s4eEF4UHNncWZJUVpQc1lHNDZvd3Q1SlkyMGlOVWhhUTU0MkNWTFFRT2o5ODM0UWxZT3BxcUlrR29oeFg5djBMQmVBN29NMGI2aXN0Z2tqMVB1STB2TTRVeUlxazFrdEpQKzU0aEx4OHNzSTZJK0puUzNsWklhc0FUTFwvMnFuSDZ0WkYyd2tJTkN4cXQ5Vnc9IiwibWFjIjoiNzg1M2UzOTRlZmY5MzA4OTFhOTU1OTAzNGJkYzAwNDRjOTJhOWYzMTJkZTVkOGVmYjBjZDYwNjMyYjZhZjFjZSJ9; PHPSESSID=2lelieohopfnlh8rhro3jmugjp; Hm_lvt_f8d0a8c400404989e195270b0bbf060a=1598277901; Hm_lpvt_f8d0a8c400404989e195270b0bbf060a=1598277901',
  'accept-language' => 'zh,zh-CN;q=0.9,zh-HK;q=0.8,zh-TW;q=0.7,en;q=0.6',
  'accept-encoding' => 'gzip, deflate, br',
  'user-agent' => 'Mozilla/5.0 (Windows NT 10.0; WOW64) AppleWebKit/537.36 (KHTML, like Gecko) Chrome/67.0.3396.99 Safari/537.36',
  'connection' => 'close',
  'host' => '127.0.0.1',
)
[ info ] [ PARAM ] array (
)
[ info ] [ LOG ] INIT File
---------------------------------------------------------------
[ 2020-08-24T22:05:23+08:00 ] 127.0.0.1 GET 127.0.0.1/fastadmin/public/index.php/admin/ajax/lang?callback=define&controllername=mydir.categorypage&v=1598277923
[运行时间：0.052498s] [吞吐率：19.05req/s] [内存消耗：2,326.41kb] [文件加载：66]
[ info ] [ BEHAVIOR ] Run Closure @app_init [ RunTime:0.000023s ]
[ info ] [ CACHE ] INIT File
[ info ] [ BEHAVIOR ] Run Closure @app_init [ RunTime:0.002246s ]
[ info ] [ ROUTE ] array (
  'type' => 'module',
  'module' => 
  array (
    0 => 'admin',
    1 => 'ajax',
    2 => 'lang',
  ),
)
[ info ] [ HEADER ] array (
  'cookie' => 'remember_admin_59ba36addc2b2f9401580f014c7f58ea4e30989d=eyJpdiI6ImpOZmcyXC9SNThualdPR25meHp4aURnPT0iLCJ2YWx1ZSI6Ik1tNktDZm9RWkx1SytGOGRlektxcTVEd2IzZ0s4eEF4UHNncWZJUVpQc1lHNDZvd3Q1SlkyMGlOVWhhUTU0MkNWTFFRT2o5ODM0UWxZT3BxcUlrR29oeFg5djBMQmVBN29NMGI2aXN0Z2tqMVB1STB2TTRVeUlxazFrdEpQKzU0aEx4OHNzSTZJK0puUzNsWklhc0FUTFwvMnFuSDZ0WkYyd2tJTkN4cXQ5Vnc9IiwibWFjIjoiNzg1M2UzOTRlZmY5MzA4OTFhOTU1OTAzNGJkYzAwNDRjOTJhOWYzMTJkZTVkOGVmYjBjZDYwNjMyYjZhZjFjZSJ9; PHPSESSID=2lelieohopfnlh8rhro3jmugjp; Hm_lvt_f8d0a8c400404989e195270b0bbf060a=1598277901; Hm_lpvt_f8d0a8c400404989e195270b0bbf060a=1598277901',
  'accept-language' => 'zh,zh-CN;q=0.9,zh-HK;q=0.8,zh-TW;q=0.7,en;q=0.6',
  'accept-encoding' => 'gzip, deflate, br',
  'referer' => 'http://127.0.0.1/fastadmin/public/index.php/admin/mydir/categorypage?addtabs=1',
  'accept' => '*/*',
  'user-agent' => 'Mozilla/5.0 (Windows NT 10.0; WOW64) AppleWebKit/537.36 (KHTML, like Gecko) Chrome/67.0.3396.99 Safari/537.36',
  'connection' => 'close',
  'host' => '127.0.0.1',
)
[ info ] [ PARAM ] array (
  'callback' => 'define',
  'controllername' => 'mydir.categorypage',
  'v' => '1598277923',
)
[ info ] [ BEHAVIOR ] Run app\common\behavior\Common @module_init [ RunTime:0.001938s ]
[ info ] [ SESSION ] INIT array (
  'id' => '',
  'var_session_id' => '',
  'prefix' => 'think',
  'type' => '',
  'auto_start' => true,
)
[ info ] [ RUN ] app\admin\controller\Ajax->lang[ D:\phpstudy\PHPTutorial\WWW\fastadmin\application\admin\controller\Ajax.php ]
[ info ] [ BEHAVIOR ] Run app\admin\behavior\AdminLog @app_end [ RunTime:0.000327s ]
[ info ] [ LOG ] INIT File
---------------------------------------------------------------
[ 2020-08-24T22:05:24+08:00 ] 127.0.0.1 GET 127.0.0.1/fastadmin/public/assets/css/skins/skin-green.css.map
[运行时间：0.044217s] [吞吐率：22.62req/s] [内存消耗：1,397.23kb] [文件加载：48]
[ info ] [ BEHAVIOR ] Run Closure @app_init [ RunTime:0.000025s ]
[ info ] [ CACHE ] INIT File
[ info ] [ BEHAVIOR ] Run Closure @app_init [ RunTime:0.002666s ]
[ info ] [ ROUTE ] array (
  'type' => 'module',
  'module' => 
  array (
    0 => 'assets',
    1 => 'css',
    2 => 'skins',
  ),
)
[ info ] [ HEADER ] array (
  'cookie' => 'remember_admin_59ba36addc2b2f9401580f014c7f58ea4e30989d=eyJpdiI6ImpOZmcyXC9SNThualdPR25meHp4aURnPT0iLCJ2YWx1ZSI6Ik1tNktDZm9RWkx1SytGOGRlektxcTVEd2IzZ0s4eEF4UHNncWZJUVpQc1lHNDZvd3Q1SlkyMGlOVWhhUTU0MkNWTFFRT2o5ODM0UWxZT3BxcUlrR29oeFg5djBMQmVBN29NMGI2aXN0Z2tqMVB1STB2TTRVeUlxazFrdEpQKzU0aEx4OHNzSTZJK0puUzNsWklhc0FUTFwvMnFuSDZ0WkYyd2tJTkN4cXQ5Vnc9IiwibWFjIjoiNzg1M2UzOTRlZmY5MzA4OTFhOTU1OTAzNGJkYzAwNDRjOTJhOWYzMTJkZTVkOGVmYjBjZDYwNjMyYjZhZjFjZSJ9; PHPSESSID=2lelieohopfnlh8rhro3jmugjp; Hm_lvt_f8d0a8c400404989e195270b0bbf060a=1598277901; Hm_lpvt_f8d0a8c400404989e195270b0bbf060a=1598277901',
  'accept-language' => 'zh,zh-CN;q=0.9,zh-HK;q=0.8,zh-TW;q=0.7,en;q=0.6',
  'accept-encoding' => 'gzip, deflate, br',
  'user-agent' => 'Mozilla/5.0 (Windows NT 10.0; WOW64) AppleWebKit/537.36 (KHTML, like Gecko) Chrome/67.0.3396.99 Safari/537.36',
  'connection' => 'close',
  'host' => '127.0.0.1',
)
[ info ] [ PARAM ] array (
)
[ info ] [ LOG ] INIT File
---------------------------------------------------------------
[ 2020-08-24T22:05:24+08:00 ] 127.0.0.1 GET 127.0.0.1/fastadmin/public/index.php/admin/mydir/categorypage/index?sort=id&order=desc&offset=0&limit=10&filter=%7B%7D&op=%7B%7D&_=1598277923817
[运行时间：0.258327s] [吞吐率：3.87req/s] [内存消耗：3,115.17kb] [文件加载：76]
[ info ] [ BEHAVIOR ] Run Closure @app_init [ RunTime:0.000046s ]
[ info ] [ CACHE ] INIT File
[ info ] [ BEHAVIOR ] Run Closure @app_init [ RunTime:0.003413s ]
[ info ] [ ROUTE ] array (
  'type' => 'module',
  'module' => 
  array (
    0 => 'admin',
    1 => 'mydir.categorypage',
    2 => 'index',
  ),
)
[ info ] [ HEADER ] array (
  'cookie' => 'remember_admin_59ba36addc2b2f9401580f014c7f58ea4e30989d=eyJpdiI6ImpOZmcyXC9SNThualdPR25meHp4aURnPT0iLCJ2YWx1ZSI6Ik1tNktDZm9RWkx1SytGOGRlektxcTVEd2IzZ0s4eEF4UHNncWZJUVpQc1lHNDZvd3Q1SlkyMGlOVWhhUTU0MkNWTFFRT2o5ODM0UWxZT3BxcUlrR29oeFg5djBMQmVBN29NMGI2aXN0Z2tqMVB1STB2TTRVeUlxazFrdEpQKzU0aEx4OHNzSTZJK0puUzNsWklhc0FUTFwvMnFuSDZ0WkYyd2tJTkN4cXQ5Vnc9IiwibWFjIjoiNzg1M2UzOTRlZmY5MzA4OTFhOTU1OTAzNGJkYzAwNDRjOTJhOWYzMTJkZTVkOGVmYjBjZDYwNjMyYjZhZjFjZSJ9; PHPSESSID=2lelieohopfnlh8rhro3jmugjp; Hm_lvt_f8d0a8c400404989e195270b0bbf060a=1598277901; Hm_lpvt_f8d0a8c400404989e195270b0bbf060a=1598277901',
  'accept-language' => 'zh,zh-CN;q=0.9,zh-HK;q=0.8,zh-TW;q=0.7,en;q=0.6',
  'accept-encoding' => 'gzip, deflate, br',
  'referer' => 'http://127.0.0.1/fastadmin/public/index.php/admin/mydir/categorypage?addtabs=1',
  'content-type' => 'application/json',
  'user-agent' => 'Mozilla/5.0 (Windows NT 10.0; WOW64) AppleWebKit/537.36 (KHTML, like Gecko) Chrome/67.0.3396.99 Safari/537.36',
  'x-requested-with' => 'XMLHttpRequest',
  'accept' => 'application/json, text/javascript, */*; q=0.01',
  'connection' => 'close',
  'host' => '127.0.0.1',
)
[ info ] [ PARAM ] array (
  'sort' => 'id',
  'order' => 'desc',
  'offset' => '0',
  'limit' => '10',
  'filter' => '{}',
  'op' => '{}',
  '_' => '1598277923817',
)
[ info ] [ BEHAVIOR ] Run app\common\behavior\Common @module_init [ RunTime:0.003804s ]
[ info ] [ SESSION ] INIT array (
  'id' => '',
  'var_session_id' => '',
  'prefix' => 'think',
  'type' => '',
  'auto_start' => true,
)
[ info ] [ DB ] INIT mysql
[ info ] [ RUN ] app\common\controller\Backend->index[ D:\phpstudy\PHPTutorial\WWW\fastadmin\application\admin\library\traits\Backend.php ]
[ info ] [ BEHAVIOR ] Run app\admin\behavior\AdminLog @app_end [ RunTime:0.000449s ]
[ info ] [ LOG ] INIT File
[ sql ] [ DB ] CONNECT:[ UseTime:0.003048s ] mysql:host=127.0.0.1;dbname=fastadmin;charset=utf8
[ sql ] [ SQL ] SHOW COLUMNS FROM `fa_auth_group_access` [ RunTime:0.026896s ]
[ sql ] [ SQL ] SELECT `aga`.`uid`,`aga`.`group_id`,`ag`.`id`,`ag`.`pid`,`ag`.`name`,`ag`.`rules` FROM `fa_auth_group_access` `aga` LEFT JOIN `fa_auth_group` `ag` ON `aga`.`group_id`=`ag`.`id` WHERE  (  aga.uid='1' and ag.status='normal' ) [ RunTime:0.000742s ]
[ sql ] [ SQL ] SHOW COLUMNS FROM `fa_auth_rule` [ RunTime:0.025694s ]
[ sql ] [ SQL ] SELECT `id`,`pid`,`condition`,`icon`,`name`,`title`,`ismenu` FROM `fa_auth_rule` WHERE  `status` = 'normal' [ RunTime:0.002006s ]
[ sql ] [ SQL ] SHOW COLUMNS FROM `fa_categorypage` [ RunTime:0.088597s ]
[ sql ] [ SQL ] SELECT COUNT(*) AS tp_count FROM `fa_categorypage` ORDER BY `id` DESC LIMIT 1 [ RunTime:0.000689s ]
[ sql ] [ SQL ] SELECT * FROM `fa_categorypage` ORDER BY `id` DESC LIMIT 0,10 [ RunTime:0.000566s ]
